{"/home/travis/build/npmtest/node-npmtest-v8-debug/test.js":{"path":"/home/travis/build/npmtest/node-npmtest-v8-debug/test.js","s":{"1":2,"2":2,"3":2,"4":2,"5":2,"6":2,"7":2,"8":1,"9":2,"10":2,"11":1,"12":1,"13":1,"14":1,"15":2,"16":2,"17":2,"18":2,"19":1,"20":1,"21":2,"22":2,"23":2,"24":1,"25":1,"26":1,"27":1,"28":1,"29":1,"30":1,"31":1,"32":1,"33":1,"34":1,"35":1,"36":1,"37":1,"38":1,"39":2,"40":2,"41":1,"42":2,"43":2,"44":1,"45":2,"46":2,"47":1,"48":2,"49":2,"50":1,"51":1,"52":1,"53":1,"54":1},"b":{"1":[2,1,1,1],"2":[1,1,1,1],"3":[1,1],"4":[1,1],"5":[1,1],"6":[1,1],"7":[1,1],"8":[1,1],"9":[1,1],"10":[1,1,1],"11":[1,1],"12":[1,1],"13":[1,1],"14":[1,1],"15":[1,1],"16":[1,1],"17":[1,1]},"f":{"1":2,"2":2,"3":2,"4":2,"5":2,"6":1,"7":1,"8":1,"9":2,"10":2,"11":2,"12":2,"13":1},"fnMap":{"1":{"name":"(anonymous_1)","line":12,"loc":{"start":{"line":12,"column":1},"end":{"line":12,"column":13}}},"2":{"name":"(anonymous_2)","line":19,"loc":{"start":{"line":19,"column":5},"end":{"line":19,"column":17}}},"3":{"name":"(anonymous_3)","line":23,"loc":{"start":{"line":23,"column":24},"end":{"line":23,"column":36}}},"4":{"name":"(anonymous_4)","line":61,"loc":{"start":{"line":61,"column":5},"end":{"line":61,"column":17}}},"5":{"name":"(anonymous_5)","line":82,"loc":{"start":{"line":82,"column":5},"end":{"line":82,"column":17}}},"6":{"name":"(anonymous_6)","line":91,"loc":{"start":{"line":91,"column":77},"end":{"line":94,"column":10}}},"7":{"name":"(anonymous_7)","line":112,"loc":{"start":{"line":112,"column":83},"end":{"line":115,"column":10}},"skip":true},"8":{"name":"(anonymous_8)","line":123,"loc":{"start":{"line":123,"column":77},"end":{"line":126,"column":10}},"skip":true},"9":{"name":"(anonymous_9)","line":139,"loc":{"start":{"line":139,"column":12},"end":{"line":139,"column":40}},"skip":true},"10":{"name":"(anonymous_10)","line":147,"loc":{"start":{"line":147,"column":77},"end":{"line":150,"column":10}},"skip":true},"11":{"name":"(anonymous_11)","line":158,"loc":{"start":{"line":158,"column":83},"end":{"line":161,"column":10}},"skip":true},"12":{"name":"(anonymous_12)","line":169,"loc":{"start":{"line":169,"column":79},"end":{"line":172,"column":10}},"skip":true},"13":{"name":"(anonymous_13)","line":180,"loc":{"start":{"line":180,"column":75},"end":{"line":183,"column":10}},"skip":true}},"statementMap":{"1":{"start":{"line":12,"column":0},"end":{"line":195,"column":5}},"2":{"start":{"line":14,"column":4},"end":{"line":14,"column":14}},"3":{"start":{"line":19,"column":4},"end":{"line":56,"column":9}},"4":{"start":{"line":21,"column":8},"end":{"line":21,"column":19}},"5":{"start":{"line":23,"column":8},"end":{"line":35,"column":13}},"6":{"start":{"line":24,"column":12},"end":{"line":34,"column":13}},"7":{"start":{"line":25,"column":16},"end":{"line":28,"column":30}},"8":{"start":{"line":30,"column":16},"end":{"line":33,"column":27}},"9":{"start":{"line":37,"column":8},"end":{"line":39,"column":21}},"10":{"start":{"line":40,"column":8},"end":{"line":53,"column":9}},"11":{"start":{"line":43,"column":12},"end":{"line":46,"column":14}},"12":{"start":{"line":47,"column":12},"end":{"line":47,"column":18}},"13":{"start":{"line":50,"column":12},"end":{"line":51,"column":33}},"14":{"start":{"line":52,"column":12},"end":{"line":52,"column":18}},"15":{"start":{"line":55,"column":8},"end":{"line":55,"column":35}},"16":{"start":{"line":61,"column":4},"end":{"line":63,"column":9}},"17":{"start":{"line":62,"column":8},"end":{"line":62,"column":15}},"18":{"start":{"line":64,"column":4},"end":{"line":77,"column":5}},"19":{"start":{"line":70,"column":8},"end":{"line":70,"column":14}},"20":{"start":{"line":76,"column":8},"end":{"line":76,"column":14}},"21":{"start":{"line":82,"column":4},"end":{"line":84,"column":9}},"22":{"start":{"line":83,"column":8},"end":{"line":83,"column":15}},"23":{"start":{"line":85,"column":4},"end":{"line":194,"column":5}},"24":{"start":{"line":91,"column":8},"end":{"line":99,"column":10}},"25":{"start":{"line":98,"column":12},"end":{"line":98,"column":35}},"26":{"start":{"line":102,"column":8},"end":{"line":104,"column":63}},"27":{"start":{"line":105,"column":8},"end":{"line":105,"column":14}},"28":{"start":{"line":112,"column":8},"end":{"line":121,"column":10},"skip":true},"29":{"start":{"line":119,"column":12},"end":{"line":119,"column":55},"skip":true},"30":{"start":{"line":120,"column":12},"end":{"line":120,"column":48},"skip":true},"31":{"start":{"line":123,"column":8},"end":{"line":136,"column":10},"skip":true},"32":{"start":{"line":130,"column":12},"end":{"line":130,"column":76},"skip":true},"33":{"start":{"line":131,"column":12},"end":{"line":131,"column":73},"skip":true},"34":{"start":{"line":132,"column":12},"end":{"line":132,"column":74},"skip":true},"35":{"start":{"line":133,"column":12},"end":{"line":133,"column":79},"skip":true},"36":{"start":{"line":134,"column":12},"end":{"line":134,"column":25},"skip":true},"37":{"start":{"line":135,"column":12},"end":{"line":135,"column":45},"skip":true},"38":{"start":{"line":138,"column":8},"end":{"line":145,"column":14},"skip":true},"39":{"start":{"line":143,"column":16},"end":{"line":143,"column":29},"skip":true},"40":{"start":{"line":144,"column":16},"end":{"line":144,"column":55},"skip":true},"41":{"start":{"line":147,"column":8},"end":{"line":156,"column":10},"skip":true},"42":{"start":{"line":154,"column":12},"end":{"line":154,"column":25},"skip":true},"43":{"start":{"line":155,"column":12},"end":{"line":155,"column":45},"skip":true},"44":{"start":{"line":158,"column":8},"end":{"line":167,"column":10},"skip":true},"45":{"start":{"line":165,"column":12},"end":{"line":165,"column":25},"skip":true},"46":{"start":{"line":166,"column":12},"end":{"line":166,"column":48},"skip":true},"47":{"start":{"line":169,"column":8},"end":{"line":178,"column":10},"skip":true},"48":{"start":{"line":176,"column":12},"end":{"line":176,"column":25},"skip":true},"49":{"start":{"line":177,"column":12},"end":{"line":177,"column":46},"skip":true},"50":{"start":{"line":180,"column":8},"end":{"line":189,"column":10},"skip":true},"51":{"start":{"line":187,"column":12},"end":{"line":187,"column":94},"skip":true},"52":{"start":{"line":188,"column":12},"end":{"line":188,"column":48},"skip":true},"53":{"start":{"line":192,"column":8},"end":{"line":192,"column":35},"skip":true},"54":{"start":{"line":193,"column":8},"end":{"line":193,"column":14},"skip":true}},"branchMap":{"1":{"line":25,"type":"binary-expr","locations":[{"start":{"line":25,"column":23},"end":{"line":25,"column":62}},{"start":{"line":26,"column":20},"end":{"line":26,"column":70}},{"start":{"line":27,"column":20},"end":{"line":27,"column":71}},{"start":{"line":28,"column":20},"end":{"line":28,"column":29}}]},"2":{"line":30,"type":"binary-expr","locations":[{"start":{"line":30,"column":23},"end":{"line":30,"column":37}},{"start":{"line":31,"column":20},"end":{"line":31,"column":61}},{"start":{"line":32,"column":20},"end":{"line":32,"column":70}},{"start":{"line":33,"column":20},"end":{"line":33,"column":26}}]},"3":{"line":37,"type":"cond-expr","locations":[{"start":{"line":38,"column":14},"end":{"line":38,"column":20}},{"start":{"line":39,"column":14},"end":{"line":39,"column":20}}]},"4":{"line":40,"type":"switch","locations":[{"start":{"line":42,"column":8},"end":{"line":47,"column":18}},{"start":{"line":49,"column":8},"end":{"line":52,"column":18}}]},"5":{"line":44,"type":"binary-expr","locations":[{"start":{"line":44,"column":16},"end":{"line":44,"column":44}},{"start":{"line":44,"column":48},"end":{"line":44,"column":66}}]},"6":{"line":50,"type":"binary-expr","locations":[{"start":{"line":50,"column":21},"end":{"line":50,"column":49}},{"start":{"line":50,"column":53},"end":{"line":50,"column":72}}]},"7":{"line":64,"type":"switch","locations":[{"start":{"line":69,"column":4},"end":{"line":70,"column":14}},{"start":{"line":75,"column":4},"end":{"line":76,"column":14}}]},"8":{"line":85,"type":"switch","locations":[{"start":{"line":90,"column":4},"end":{"line":105,"column":14}},{"start":{"line":111,"column":4},"end":{"line":193,"column":14},"skip":true}]},"9":{"line":91,"type":"binary-expr","locations":[{"start":{"line":91,"column":42},"end":{"line":91,"column":73}},{"start":{"line":91,"column":77},"end":{"line":99,"column":9}}]},"10":{"line":102,"type":"binary-expr","locations":[{"start":{"line":102,"column":18},"end":{"line":102,"column":32}},{"start":{"line":103,"column":12},"end":{"line":103,"column":53}},{"start":{"line":104,"column":12},"end":{"line":104,"column":61}}]},"11":{"line":112,"type":"binary-expr","locations":[{"start":{"line":112,"column":45},"end":{"line":112,"column":79},"skip":true},{"start":{"line":112,"column":83},"end":{"line":121,"column":9},"skip":true}]},"12":{"line":123,"type":"binary-expr","locations":[{"start":{"line":123,"column":42},"end":{"line":123,"column":73},"skip":true},{"start":{"line":123,"column":77},"end":{"line":136,"column":9},"skip":true}]},"13":{"line":138,"type":"binary-expr","locations":[{"start":{"line":138,"column":48},"end":{"line":138,"column":85},"skip":true},{"start":{"line":139,"column":12},"end":{"line":145,"column":13},"skip":true}]},"14":{"line":147,"type":"binary-expr","locations":[{"start":{"line":147,"column":42},"end":{"line":147,"column":73},"skip":true},{"start":{"line":147,"column":77},"end":{"line":156,"column":9},"skip":true}]},"15":{"line":158,"type":"binary-expr","locations":[{"start":{"line":158,"column":45},"end":{"line":158,"column":79},"skip":true},{"start":{"line":158,"column":83},"end":{"line":167,"column":9},"skip":true}]},"16":{"line":169,"type":"binary-expr","locations":[{"start":{"line":169,"column":43},"end":{"line":169,"column":75},"skip":true},{"start":{"line":169,"column":79},"end":{"line":178,"column":9},"skip":true}]},"17":{"line":180,"type":"binary-expr","locations":[{"start":{"line":180,"column":41},"end":{"line":180,"column":71},"skip":true},{"start":{"line":180,"column":75},"end":{"line":189,"column":9},"skip":true}]}},"code":["/* istanbul instrument in package npmtest_v8_debug */","/*jslint","    bitwise: true,","    browser: true,","    maxerr: 8,","    maxlen: 96,","    node: true,","    nomen: true,","    regexp: true,","    stupid: true","*/","(function () {","    'use strict';","    var local;","","","","    // run shared js-env code - pre-init","    (function () {","        // init local","        local = {};","        // init modeJs","        local.modeJs = (function () {","            try {","                return typeof navigator.userAgent === 'string' &&","                    typeof document.querySelector('body') === 'object' &&","                    typeof XMLHttpRequest.prototype.open === 'function' &&","                    'browser';","            } catch (errorCaughtBrowser) {","                return module.exports &&","                    typeof process.versions.node === 'string' &&","                    typeof require('http').createServer === 'function' &&","                    'node';","            }","        }());","        // init global","        local.global = local.modeJs === 'browser'","            ? window","            : global;","        switch (local.modeJs) {","        // re-init local from window.local","        case 'browser':","            local = local.global.utility2.objectSetDefault(","                local.global.utility2_rollup || local.global.local,","                local.global.utility2","            );","            break;","        // re-init local from example.js","        case 'node':","            local = (local.global.utility2_rollup || require('utility2'))","                .requireReadme();","            break;","        }","        // export local","        local.global.local = local;","    }());","","","","    // run shared js-env code - function","    (function () {","        return;","    }());","    switch (local.modeJs) {","","","","    // run browser js-env code - function","    case 'browser':","        break;","","","","    // run node js-env code - function","    case 'node':","        break;","    }","","","","    // run shared js-env code - post-init","    (function () {","        return;","    }());","    switch (local.modeJs) {","","","","    // run browser js-env code - post-init","    case 'browser':","        local.testCase_browser_nullCase = local.testCase_browser_nullCase || function (","            options,","            onError","        ) {","        /*","         * this function will test browsers's null-case handling-behavior-behavior","         */","            onError(null, options);","        };","","        // run tests","        local.nop(local.modeTest &&","            document.querySelector('#testRunButton1') &&","            document.querySelector('#testRunButton1').click());","        break;","","","","    // run node js-env code - post-init","    /* istanbul ignore next */","    case 'node':","        local.testCase_buildApidoc_default = local.testCase_buildApidoc_default || function (","            options,","            onError","        ) {","        /*","         * this function will test buildApidoc's default handling-behavior-behavior","         */","            options = { modulePathList: module.paths };","            local.buildApidoc(options, onError);","        };","","        local.testCase_buildApp_default = local.testCase_buildApp_default || function (","            options,","            onError","        ) {","        /*","         * this function will test buildApp's default handling-behavior-behavior","         */","            local.testCase_buildReadme_default(options, local.onErrorThrow);","            local.testCase_buildLib_default(options, local.onErrorThrow);","            local.testCase_buildTest_default(options, local.onErrorThrow);","            local.testCase_buildCustomOrg_default(options, local.onErrorThrow);","            options = [];","            local.buildApp(options, onError);","        };","","        local.testCase_buildCustomOrg_default = local.testCase_buildCustomOrg_default ||","            function (options, onError) {","            /*","             * this function will test buildCustomOrg's default handling-behavior","             */","                options = {};","                local.buildCustomOrg(options, onError);","            };","","        local.testCase_buildLib_default = local.testCase_buildLib_default || function (","            options,","            onError","        ) {","        /*","         * this function will test buildLib's default handling-behavior","         */","            options = {};","            local.buildLib(options, onError);","        };","","        local.testCase_buildReadme_default = local.testCase_buildReadme_default || function (","            options,","            onError","        ) {","        /*","         * this function will test buildReadme's default handling-behavior-behavior","         */","            options = {};","            local.buildReadme(options, onError);","        };","","        local.testCase_buildTest_default = local.testCase_buildTest_default || function (","            options,","            onError","        ) {","        /*","         * this function will test buildTest's default handling-behavior","         */","            options = {};","            local.buildTest(options, onError);","        };","","        local.testCase_webpage_default = local.testCase_webpage_default || function (","            options,","            onError","        ) {","        /*","         * this function will test webpage's default handling-behavior","         */","            options = { modeCoverageMerge: true, url: local.serverLocalHost + '?modeTest=1' };","            local.browserTest(options, onError);","        };","","        // run test-server","        local.testRunServer(local);","        break;","    }","}());",""],"l":{"12":2,"14":2,"19":2,"21":2,"23":2,"24":2,"25":2,"30":1,"37":2,"40":2,"43":1,"47":1,"50":1,"52":1,"55":2,"61":2,"62":2,"64":2,"70":1,"76":1,"82":2,"83":2,"85":2,"91":1,"98":1,"102":1,"105":1,"112":1,"119":1,"120":1,"123":1,"130":1,"131":1,"132":1,"133":1,"134":1,"135":1,"138":1,"143":2,"144":2,"147":1,"154":2,"155":2,"158":1,"165":2,"166":2,"169":1,"176":2,"177":2,"180":1,"187":1,"188":1,"192":1,"193":1}},"/home/travis/build/npmtest/node-npmtest-v8-debug/lib.npmtest_v8_debug.js":{"path":"/home/travis/build/npmtest/node-npmtest-v8-debug/lib.npmtest_v8_debug.js","s":{"1":2,"2":2,"3":2,"4":2,"5":2,"6":2,"7":2,"8":1,"9":2,"10":2,"11":2,"12":2,"13":1,"14":1,"15":1,"16":1},"b":{"1":[2,1,1,1],"2":[1,1,1,1],"3":[1,1],"4":[2,2],"5":[1,1]},"f":{"1":2,"2":2,"3":2},"fnMap":{"1":{"name":"(anonymous_1)","line":12,"loc":{"start":{"line":12,"column":1},"end":{"line":12,"column":13}}},"2":{"name":"(anonymous_2)","line":19,"loc":{"start":{"line":19,"column":5},"end":{"line":19,"column":17}}},"3":{"name":"(anonymous_3)","line":23,"loc":{"start":{"line":23,"column":24},"end":{"line":23,"column":36}}}},"statementMap":{"1":{"start":{"line":12,"column":0},"end":{"line":53,"column":5}},"2":{"start":{"line":14,"column":4},"end":{"line":14,"column":14}},"3":{"start":{"line":19,"column":4},"end":{"line":52,"column":9}},"4":{"start":{"line":21,"column":8},"end":{"line":21,"column":19}},"5":{"start":{"line":23,"column":8},"end":{"line":35,"column":13}},"6":{"start":{"line":24,"column":12},"end":{"line":34,"column":13}},"7":{"start":{"line":25,"column":16},"end":{"line":28,"column":30}},"8":{"start":{"line":30,"column":16},"end":{"line":33,"column":27}},"9":{"start":{"line":37,"column":8},"end":{"line":39,"column":21}},"10":{"start":{"line":41,"column":8},"end":{"line":41,"column":54}},"11":{"start":{"line":43,"column":8},"end":{"line":43,"column":53}},"12":{"start":{"line":45,"column":8},"end":{"line":51,"column":9}},"13":{"start":{"line":46,"column":12},"end":{"line":46,"column":59}},"14":{"start":{"line":48,"column":12},"end":{"line":48,"column":35}},"15":{"start":{"line":49,"column":12},"end":{"line":49,"column":49}},"16":{"start":{"line":50,"column":12},"end":{"line":50,"column":43}}},"branchMap":{"1":{"line":25,"type":"binary-expr","locations":[{"start":{"line":25,"column":23},"end":{"line":25,"column":62}},{"start":{"line":26,"column":20},"end":{"line":26,"column":70}},{"start":{"line":27,"column":20},"end":{"line":27,"column":71}},{"start":{"line":28,"column":20},"end":{"line":28,"column":29}}]},"2":{"line":30,"type":"binary-expr","locations":[{"start":{"line":30,"column":23},"end":{"line":30,"column":37}},{"start":{"line":31,"column":20},"end":{"line":31,"column":61}},{"start":{"line":32,"column":20},"end":{"line":32,"column":70}},{"start":{"line":33,"column":20},"end":{"line":33,"column":26}}]},"3":{"line":37,"type":"cond-expr","locations":[{"start":{"line":38,"column":14},"end":{"line":38,"column":20}},{"start":{"line":39,"column":14},"end":{"line":39,"column":20}}]},"4":{"line":41,"type":"binary-expr","locations":[{"start":{"line":41,"column":16},"end":{"line":41,"column":44}},{"start":{"line":41,"column":48},"end":{"line":41,"column":53}}]},"5":{"line":45,"type":"if","locations":[{"start":{"line":45,"column":8},"end":{"line":45,"column":8}},{"start":{"line":45,"column":8},"end":{"line":45,"column":8}}]}},"code":["/* istanbul instrument in package npmtest_v8_debug */","/*jslint","    bitwise: true,","    browser: true,","    maxerr: 8,","    maxlen: 96,","    node: true,","    nomen: true,","    regexp: true,","    stupid: true","*/","(function () {","    'use strict';","    var local;","","","","    // run shared js-env code - pre-init","    (function () {","        // init local","        local = {};","        // init modeJs","        local.modeJs = (function () {","            try {","                return typeof navigator.userAgent === 'string' &&","                    typeof document.querySelector('body') === 'object' &&","                    typeof XMLHttpRequest.prototype.open === 'function' &&","                    'browser';","            } catch (errorCaughtBrowser) {","                return module.exports &&","                    typeof process.versions.node === 'string' &&","                    typeof require('http').createServer === 'function' &&","                    'node';","            }","        }());","        // init global","        local.global = local.modeJs === 'browser'","            ? window","            : global;","        // init utility2_rollup","        local = local.global.utility2_rollup || local;","        // init lib","        local.local = local.npmtest_v8_debug = local;","        // init exports","        if (local.modeJs === 'browser') {","            local.global.utility2_npmtest_v8_debug = local;","        } else {","            module.exports = local;","            module.exports.__dirname = __dirname;","            module.exports.module = module;","        }","    }());","}());",""],"l":{"12":2,"14":2,"19":2,"21":2,"23":2,"24":2,"25":2,"30":1,"37":2,"41":2,"43":2,"45":2,"46":1,"48":1,"49":1,"50":1}},"/home/travis/build/npmtest/node-npmtest-v8-debug/example.js":{"path":"/home/travis/build/npmtest/node-npmtest-v8-debug/example.js","s":{"1":2,"2":2,"3":2,"4":2,"5":2,"6":2,"7":2,"8":1,"9":2,"10":2,"11":2,"12":2,"13":1,"14":2,"15":2,"16":2,"17":2,"18":2,"19":0,"20":2,"21":1,"22":1,"23":1,"24":1,"25":1,"26":0,"27":0,"28":1,"29":1,"30":2,"31":0,"32":0,"33":0,"34":1,"35":2,"36":2,"37":3,"38":3,"39":3,"40":3,"41":0,"42":3,"43":3,"44":3,"45":1,"46":3,"47":1,"48":1,"49":1,"50":1,"51":1,"52":1,"53":1,"54":1,"55":1,"56":1,"57":0,"58":1,"59":6,"60":6,"61":1,"62":2,"63":0,"64":2,"65":1,"66":1,"67":0,"68":0,"69":0,"70":0,"71":0,"72":0,"73":0,"74":0,"75":0,"76":0,"77":0,"78":0,"79":0,"80":0,"81":0,"82":0,"83":0},"b":{"1":[2,1,1,1],"2":[1,1,1,1],"3":[1,1],"4":[2,2],"5":[1,1],"6":[1,1],"7":[2,0],"8":[2,1,1,1,1,1],"9":[0,2,0],"10":[1,1],"11":[2,1,1],"12":[1,0],"13":[0,2],"14":[2,0,0,0,0,0,0],"15":[0,3],"16":[3,0],"17":[1,1],"18":[0,1],"19":[1,2,0,2],"20":[1,0],"21":[1,1],"22":[0,0],"23":[0,0],"24":[0,0],"25":[0,0],"26":[0,0],"27":[0,0],"28":[0,0]},"f":{"1":2,"2":2,"3":2,"4":2,"5":2,"6":2,"7":3,"8":3,"9":3,"10":1,"11":6,"12":0},"fnMap":{"1":{"name":"(anonymous_1)","line":26,"loc":{"start":{"line":26,"column":1},"end":{"line":26,"column":13}}},"2":{"name":"(anonymous_2)","line":33,"loc":{"start":{"line":33,"column":5},"end":{"line":33,"column":17}}},"3":{"name":"(anonymous_3)","line":37,"loc":{"start":{"line":37,"column":24},"end":{"line":37,"column":36}}},"4":{"name":"(anonymous_4)","line":69,"loc":{"start":{"line":69,"column":31},"end":{"line":69,"column":48}},"skip":true},"5":{"name":"(anonymous_5)","line":78,"loc":{"start":{"line":78,"column":26},"end":{"line":78,"column":45}},"skip":true},"6":{"name":"(anonymous_6)","line":123,"loc":{"start":{"line":123,"column":33},"end":{"line":123,"column":48}},"skip":true},"7":{"name":"(anonymous_7)","line":125,"loc":{"start":{"line":125,"column":27},"end":{"line":125,"column":39}},"skip":true},"8":{"name":"(anonymous_8)","line":133,"loc":{"start":{"line":133,"column":59},"end":{"line":133,"column":74}},"skip":true},"9":{"name":"(anonymous_9)","line":143,"loc":{"start":{"line":143,"column":45},"end":{"line":143,"column":62}},"skip":true},"10":{"name":"(anonymous_10)","line":144,"loc":{"start":{"line":144,"column":73},"end":{"line":144,"column":92}},"skip":true},"11":{"name":"(anonymous_11)","line":272,"loc":{"start":{"line":272,"column":51},"end":{"line":272,"column":77}},"skip":true},"12":{"name":"(anonymous_12)","line":315,"loc":{"start":{"line":315,"column":32},"end":{"line":315,"column":61}},"skip":true}},"statementMap":{"1":{"start":{"line":26,"column":0},"end":{"line":326,"column":5}},"2":{"start":{"line":28,"column":4},"end":{"line":28,"column":14}},"3":{"start":{"line":33,"column":4},"end":{"line":60,"column":9}},"4":{"start":{"line":35,"column":8},"end":{"line":35,"column":19}},"5":{"start":{"line":37,"column":8},"end":{"line":49,"column":13}},"6":{"start":{"line":38,"column":12},"end":{"line":48,"column":13}},"7":{"start":{"line":39,"column":16},"end":{"line":42,"column":30}},"8":{"start":{"line":44,"column":16},"end":{"line":47,"column":27}},"9":{"start":{"line":51,"column":8},"end":{"line":53,"column":21}},"10":{"start":{"line":55,"column":8},"end":{"line":57,"column":45}},"11":{"start":{"line":59,"column":8},"end":{"line":59,"column":35}},"12":{"start":{"line":61,"column":4},"end":{"line":325,"column":5}},"13":{"start":{"line":69,"column":8},"end":{"line":121,"column":10},"skip":true},"14":{"start":{"line":70,"column":12},"end":{"line":88,"column":13},"skip":true},"15":{"start":{"line":76,"column":16},"end":{"line":87,"column":19},"skip":true},"16":{"start":{"line":79,"column":20},"end":{"line":86,"column":21},"skip":true},"17":{"start":{"line":82,"column":24},"end":{"line":82,"column":43},"skip":true},"18":{"start":{"line":83,"column":24},"end":{"line":83,"column":30},"skip":true},"19":{"start":{"line":85,"column":24},"end":{"line":85,"column":49},"skip":true},"20":{"start":{"line":89,"column":12},"end":{"line":107,"column":13},"skip":true},"21":{"start":{"line":92,"column":16},"end":{"line":102,"column":17},"skip":true},"22":{"start":{"line":93,"column":20},"end":{"line":93,"column":86},"skip":true},"23":{"start":{"line":94,"column":20},"end":{"line":95,"column":45},"skip":true},"24":{"start":{"line":96,"column":20},"end":{"line":96,"column":42},"skip":true},"25":{"start":{"line":97,"column":20},"end":{"line":97,"column":48},"skip":true},"26":{"start":{"line":100,"column":20},"end":{"line":100,"column":85},"skip":true},"27":{"start":{"line":101,"column":20},"end":{"line":101,"column":96},"skip":true},"28":{"start":{"line":103,"column":16},"end":{"line":103,"column":22},"skip":true},"29":{"start":{"line":106,"column":16},"end":{"line":106,"column":22},"skip":true},"30":{"start":{"line":108,"column":12},"end":{"line":120,"column":13},"skip":true},"31":{"start":{"line":114,"column":16},"end":{"line":119,"column":17},"skip":true},"32":{"start":{"line":116,"column":20},"end":{"line":116,"column":78},"skip":true},"33":{"start":{"line":118,"column":20},"end":{"line":118,"column":47},"skip":true},"34":{"start":{"line":123,"column":8},"end":{"line":141,"column":11},"skip":true},"35":{"start":{"line":124,"column":12},"end":{"line":124,"column":54},"skip":true},"36":{"start":{"line":125,"column":12},"end":{"line":140,"column":14},"skip":true},"37":{"start":{"line":126,"column":16},"end":{"line":126,"column":28},"skip":true},"38":{"start":{"line":127,"column":16},"end":{"line":127,"column":69},"skip":true},"39":{"start":{"line":128,"column":16},"end":{"line":128,"column":75},"skip":true},"40":{"start":{"line":129,"column":16},"end":{"line":131,"column":17},"skip":true},"41":{"start":{"line":130,"column":20},"end":{"line":130,"column":27},"skip":true},"42":{"start":{"line":133,"column":16},"end":{"line":137,"column":36},"skip":true},"43":{"start":{"line":134,"column":20},"end":{"line":136,"column":55},"skip":true},"44":{"start":{"line":139,"column":16},"end":{"line":139,"column":57},"skip":true},"45":{"start":{"line":143,"column":8},"end":{"line":147,"column":11},"skip":true},"46":{"start":{"line":144,"column":12},"end":{"line":146,"column":15},"skip":true},"47":{"start":{"line":145,"column":16},"end":{"line":145,"column":70},"skip":true},"48":{"start":{"line":149,"column":8},"end":{"line":149,"column":31},"skip":true},"49":{"start":{"line":150,"column":8},"end":{"line":150,"column":14},"skip":true},"50":{"start":{"line":158,"column":8},"end":{"line":158,"column":31},"skip":true},"51":{"start":{"line":160,"column":8},"end":{"line":160,"column":33},"skip":true},"52":{"start":{"line":161,"column":8},"end":{"line":161,"column":37},"skip":true},"53":{"start":{"line":162,"column":8},"end":{"line":162,"column":35},"skip":true},"54":{"start":{"line":164,"column":8},"end":{"line":164,"column":50},"skip":true},"55":{"start":{"line":166,"column":8},"end":{"line":256,"column":2},"skip":true},"56":{"start":{"line":258,"column":8},"end":{"line":286,"column":9},"skip":true},"57":{"start":{"line":259,"column":12},"end":{"line":269,"column":14},"skip":true},"58":{"start":{"line":271,"column":12},"end":{"line":285,"column":19},"skip":true},"59":{"start":{"line":274,"column":20},"end":{"line":274,"column":35},"skip":true},"60":{"start":{"line":275,"column":20},"end":{"line":284,"column":21},"skip":true},"61":{"start":{"line":277,"column":24},"end":{"line":277,"column":64},"skip":true},"62":{"start":{"line":279,"column":24},"end":{"line":279,"column":40},"skip":true},"63":{"start":{"line":281,"column":24},"end":{"line":281,"column":40},"skip":true},"64":{"start":{"line":283,"column":24},"end":{"line":283,"column":39},"skip":true},"65":{"start":{"line":288,"column":8},"end":{"line":290,"column":9},"skip":true},"66":{"start":{"line":289,"column":12},"end":{"line":289,"column":18},"skip":true},"67":{"start":{"line":291,"column":8},"end":{"line":293,"column":54},"skip":true},"68":{"start":{"line":296,"column":8},"end":{"line":301,"column":37},"skip":true},"69":{"start":{"line":303,"column":8},"end":{"line":303,"column":82},"skip":true},"70":{"start":{"line":306,"column":8},"end":{"line":308,"column":9},"skip":true},"71":{"start":{"line":307,"column":12},"end":{"line":307,"column":82},"skip":true},"72":{"start":{"line":310,"column":8},"end":{"line":312,"column":9},"skip":true},"73":{"start":{"line":311,"column":12},"end":{"line":311,"column":18},"skip":true},"74":{"start":{"line":313,"column":8},"end":{"line":313,"column":54},"skip":true},"75":{"start":{"line":314,"column":8},"end":{"line":314,"column":69},"skip":true},"76":{"start":{"line":315,"column":8},"end":{"line":323,"column":36},"skip":true},"77":{"start":{"line":316,"column":12},"end":{"line":316,"column":61},"skip":true},"78":{"start":{"line":317,"column":12},"end":{"line":320,"column":13},"skip":true},"79":{"start":{"line":318,"column":16},"end":{"line":318,"column":75},"skip":true},"80":{"start":{"line":319,"column":16},"end":{"line":319,"column":23},"skip":true},"81":{"start":{"line":321,"column":12},"end":{"line":321,"column":38},"skip":true},"82":{"start":{"line":322,"column":12},"end":{"line":322,"column":27},"skip":true},"83":{"start":{"line":324,"column":8},"end":{"line":324,"column":14},"skip":true}},"branchMap":{"1":{"line":39,"type":"binary-expr","locations":[{"start":{"line":39,"column":23},"end":{"line":39,"column":62}},{"start":{"line":40,"column":20},"end":{"line":40,"column":70}},{"start":{"line":41,"column":20},"end":{"line":41,"column":71}},{"start":{"line":42,"column":20},"end":{"line":42,"column":29}}]},"2":{"line":44,"type":"binary-expr","locations":[{"start":{"line":44,"column":23},"end":{"line":44,"column":37}},{"start":{"line":45,"column":20},"end":{"line":45,"column":61}},{"start":{"line":46,"column":20},"end":{"line":46,"column":70}},{"start":{"line":47,"column":20},"end":{"line":47,"column":26}}]},"3":{"line":51,"type":"cond-expr","locations":[{"start":{"line":52,"column":14},"end":{"line":52,"column":20}},{"start":{"line":53,"column":14},"end":{"line":53,"column":20}}]},"4":{"line":55,"type":"binary-expr","locations":[{"start":{"line":55,"column":16},"end":{"line":55,"column":44}},{"start":{"line":55,"column":49},"end":{"line":57,"column":43}}]},"5":{"line":55,"type":"cond-expr","locations":[{"start":{"line":56,"column":14},"end":{"line":56,"column":52}},{"start":{"line":57,"column":14},"end":{"line":57,"column":43}}]},"6":{"line":61,"type":"switch","locations":[{"start":{"line":68,"column":4},"end":{"line":150,"column":14},"skip":true},{"start":{"line":156,"column":4},"end":{"line":324,"column":14},"skip":true}]},"7":{"line":70,"type":"if","locations":[{"start":{"line":70,"column":12},"end":{"line":70,"column":12},"skip":true},{"start":{"line":70,"column":12},"end":{"line":70,"column":12},"skip":true}]},"8":{"line":70,"type":"binary-expr","locations":[{"start":{"line":70,"column":16},"end":{"line":70,"column":22},"skip":true},{"start":{"line":70,"column":27},"end":{"line":70,"column":32},"skip":true},{"start":{"line":71,"column":20},"end":{"line":71,"column":39},"skip":true},{"start":{"line":72,"column":20},"end":{"line":72,"column":49},"skip":true},{"start":{"line":73,"column":20},"end":{"line":73,"column":58},"skip":true},{"start":{"line":74,"column":20},"end":{"line":74,"column":69},"skip":true}]},"9":{"line":79,"type":"switch","locations":[{"start":{"line":80,"column":20},"end":{"line":80,"column":33},"skip":true},{"start":{"line":81,"column":20},"end":{"line":83,"column":30},"skip":true},{"start":{"line":84,"column":20},"end":{"line":85,"column":49},"skip":true}]},"10":{"line":89,"type":"switch","locations":[{"start":{"line":90,"column":12},"end":{"line":103,"column":22},"skip":true},{"start":{"line":105,"column":12},"end":{"line":106,"column":22},"skip":true}]},"11":{"line":89,"type":"binary-expr","locations":[{"start":{"line":89,"column":20},"end":{"line":89,"column":25},"skip":true},{"start":{"line":89,"column":29},"end":{"line":89,"column":48},"skip":true},{"start":{"line":89,"column":52},"end":{"line":89,"column":74},"skip":true}]},"12":{"line":92,"type":"if","locations":[{"start":{"line":92,"column":16},"end":{"line":92,"column":16},"skip":true},{"start":{"line":92,"column":16},"end":{"line":92,"column":16},"skip":true}]},"13":{"line":108,"type":"if","locations":[{"start":{"line":108,"column":12},"end":{"line":108,"column":12},"skip":true},{"start":{"line":108,"column":12},"end":{"line":108,"column":12},"skip":true}]},"14":{"line":108,"type":"binary-expr","locations":[{"start":{"line":108,"column":16},"end":{"line":108,"column":61},"skip":true},{"start":{"line":108,"column":66},"end":{"line":108,"column":72},"skip":true},{"start":{"line":108,"column":77},"end":{"line":108,"column":82},"skip":true},{"start":{"line":109,"column":20},"end":{"line":109,"column":39},"skip":true},{"start":{"line":110,"column":20},"end":{"line":110,"column":49},"skip":true},{"start":{"line":111,"column":20},"end":{"line":111,"column":58},"skip":true},{"start":{"line":112,"column":20},"end":{"line":112,"column":68},"skip":true}]},"15":{"line":129,"type":"if","locations":[{"start":{"line":129,"column":16},"end":{"line":129,"column":16},"skip":true},{"start":{"line":129,"column":16},"end":{"line":129,"column":16},"skip":true}]},"16":{"line":134,"type":"cond-expr","locations":[{"start":{"line":135,"column":26},"end":{"line":135,"column":29},"skip":true},{"start":{"line":136,"column":26},"end":{"line":136,"column":54},"skip":true}]},"17":{"line":164,"type":"binary-expr","locations":[{"start":{"line":164,"column":27},"end":{"line":164,"column":43},"skip":true},{"start":{"line":164,"column":47},"end":{"line":164,"column":49},"skip":true}]},"18":{"line":258,"type":"if","locations":[{"start":{"line":258,"column":8},"end":{"line":258,"column":8},"skip":true},{"start":{"line":258,"column":8},"end":{"line":258,"column":8},"skip":true}]},"19":{"line":275,"type":"switch","locations":[{"start":{"line":276,"column":20},"end":{"line":277,"column":64},"skip":true},{"start":{"line":278,"column":20},"end":{"line":279,"column":40},"skip":true},{"start":{"line":280,"column":20},"end":{"line":281,"column":40},"skip":true},{"start":{"line":282,"column":20},"end":{"line":283,"column":39},"skip":true}]},"20":{"line":288,"type":"if","locations":[{"start":{"line":288,"column":8},"end":{"line":288,"column":8},"skip":true},{"start":{"line":288,"column":8},"end":{"line":288,"column":8},"skip":true}]},"21":{"line":288,"type":"binary-expr","locations":[{"start":{"line":288,"column":12},"end":{"line":288,"column":40},"skip":true},{"start":{"line":288,"column":44},"end":{"line":288,"column":67},"skip":true}]},"22":{"line":292,"type":"binary-expr","locations":[{"start":{"line":292,"column":12},"end":{"line":292,"column":50},"skip":true},{"start":{"line":293,"column":12},"end":{"line":293,"column":53},"skip":true}]},"23":{"line":297,"type":"binary-expr","locations":[{"start":{"line":297,"column":12},"end":{"line":297,"column":66},"skip":true},{"start":{"line":298,"column":12},"end":{"line":301,"column":36},"skip":true}]},"24":{"line":303,"type":"binary-expr","locations":[{"start":{"line":303,"column":43},"end":{"line":303,"column":75},"skip":true},{"start":{"line":303,"column":79},"end":{"line":303,"column":81},"skip":true}]},"25":{"line":306,"type":"if","locations":[{"start":{"line":306,"column":8},"end":{"line":306,"column":8},"skip":true},{"start":{"line":306,"column":8},"end":{"line":306,"column":8},"skip":true}]},"26":{"line":310,"type":"if","locations":[{"start":{"line":310,"column":8},"end":{"line":310,"column":8},"skip":true},{"start":{"line":310,"column":8},"end":{"line":310,"column":8},"skip":true}]},"27":{"line":313,"type":"binary-expr","locations":[{"start":{"line":313,"column":27},"end":{"line":313,"column":43},"skip":true},{"start":{"line":313,"column":47},"end":{"line":313,"column":53},"skip":true}]},"28":{"line":317,"type":"if","locations":[{"start":{"line":317,"column":12},"end":{"line":317,"column":12},"skip":true},{"start":{"line":317,"column":12},"end":{"line":317,"column":12},"skip":true}]}},"code":["/*","example.js","","quickstart example","","instruction","    1. save this script as example.js","    2. run the shell command:","        $ npm install npmtest-v8-debug && PORT=8081 node example.js","    3. play with the browser-demo on http://127.0.0.1:8081","*/","","","","/* istanbul instrument in package npmtest_v8_debug */","/*jslint","    bitwise: true,","    browser: true,","    maxerr: 8,","    maxlen: 96,","    node: true,","    nomen: true,","    regexp: true,","    stupid: true","*/","(function () {","    'use strict';","    var local;","","","","    // run shared js-env code - pre-init","    (function () {","        // init local","        local = {};","        // init modeJs","        local.modeJs = (function () {","            try {","                return typeof navigator.userAgent === 'string' &&","                    typeof document.querySelector('body') === 'object' &&","                    typeof XMLHttpRequest.prototype.open === 'function' &&","                    'browser';","            } catch (errorCaughtBrowser) {","                return module.exports &&","                    typeof process.versions.node === 'string' &&","                    typeof require('http').createServer === 'function' &&","                    'node';","            }","        }());","        // init global","        local.global = local.modeJs === 'browser'","            ? window","            : global;","        // init utility2_rollup","        local = local.global.utility2_rollup || (local.modeJs === 'browser'","            ? local.global.utility2_npmtest_v8_debug","            : global.utility2_moduleExports);","        // export local","        local.global.local = local;","    }());","    switch (local.modeJs) {","","","","    // post-init","    // run browser js-env code - post-init","    /* istanbul ignore next */","    case 'browser':","        local.testRunBrowser = function (event) {","            if (!event || (event &&","                    event.currentTarget &&","                    event.currentTarget.className &&","                    event.currentTarget.className.includes &&","                    event.currentTarget.className.includes('onreset'))) {","                // reset output","                Array.from(","                    document.querySelectorAll('body > .resettable')","                ).forEach(function (element) {","                    switch (element.tagName) {","                    case 'INPUT':","                    case 'TEXTAREA':","                        element.value = '';","                        break;","                    default:","                        element.textContent = '';","                    }","                });","            }","            switch (event && event.currentTarget && event.currentTarget.id) {","            case 'testRunButton1':","                // show tests","                if (document.querySelector('#testReportDiv1').style.display === 'none') {","                    document.querySelector('#testReportDiv1').style.display = 'block';","                    document.querySelector('#testRunButton1').textContent =","                        'hide internal test';","                    local.modeTest = true;","                    local.testRunDefault(local);","                // hide tests","                } else {","                    document.querySelector('#testReportDiv1').style.display = 'none';","                    document.querySelector('#testRunButton1').textContent = 'run internal test';","                }","                break;","            // custom-case","            default:","                break;","            }","            if (document.querySelector('#inputTextareaEval1') && (!event || (event &&","                    event.currentTarget &&","                    event.currentTarget.className &&","                    event.currentTarget.className.includes &&","                    event.currentTarget.className.includes('oneval')))) {","                // try to eval input-code","                try {","                    /*jslint evil: true*/","                    eval(document.querySelector('#inputTextareaEval1').value);","                } catch (errorCaught) {","                    console.error(errorCaught);","                }","            }","        };","        // log stderr and stdout to #outputTextareaStdout1","        ['error', 'log'].forEach(function (key) {","            console[key + '_original'] = console[key];","            console[key] = function () {","                var element;","                console[key + '_original'].apply(console, arguments);","                element = document.querySelector('#outputTextareaStdout1');","                if (!element) {","                    return;","                }","                // append text to #outputTextareaStdout1","                element.value += Array.from(arguments).map(function (arg) {","                    return typeof arg === 'string'","                        ? arg","                        : JSON.stringify(arg, null, 4);","                }).join(' ') + '\\n';","                // scroll textarea to bottom","                element.scrollTop = element.scrollHeight;","            };","        });","        // init event-handling","        ['change', 'click', 'keyup'].forEach(function (event) {","            Array.from(document.querySelectorAll('.on' + event)).forEach(function (element) {","                element.addEventListener(event, local.testRunBrowser);","            });","        });","        // run tests","        local.testRunBrowser();","        break;","","","","    // run node js-env code - post-init","    /* istanbul ignore next */","    case 'node':","        // export local","        module.exports = local;","        // require modules","        local.fs = require('fs');","        local.http = require('http');","        local.url = require('url');","        // init assets","        local.assetsDict = local.assetsDict || {};","        /* jslint-ignore-begin */","        local.assetsDict['/assets.index.template.html'] = '\\","<!doctype html>\\n\\","<html lang=\"en\">\\n\\","<head>\\n\\","<meta charset=\"UTF-8\">\\n\\","<meta name=\"viewport\" content=\"width=device-width, initial-scale=1\">\\n\\","<title>{{env.npm_package_name}} (v{{env.npm_package_version}})</title>\\n\\","<style>\\n\\","/*csslint\\n\\","    box-sizing: false,\\n\\","    universal-selector: false\\n\\","*/\\n\\","* {\\n\\","    box-sizing: border-box;\\n\\","}\\n\\","body {\\n\\","    background: #dde;\\n\\","    font-family: Arial, Helvetica, sans-serif;\\n\\","    margin: 2rem;\\n\\","}\\n\\","body > * {\\n\\","    margin-bottom: 1rem;\\n\\","}\\n\\",".utility2FooterDiv {\\n\\","    margin-top: 20px;\\n\\","    text-align: center;\\n\\","}\\n\\","</style>\\n\\","<style>\\n\\","/*csslint\\n\\","*/\\n\\","textarea {\\n\\","    font-family: monospace;\\n\\","    height: 10rem;\\n\\","    width: 100%;\\n\\","}\\n\\","textarea[readonly] {\\n\\","    background: #ddd;\\n\\","}\\n\\","</style>\\n\\","</head>\\n\\","<body>\\n\\","<!-- utility2-comment\\n\\","<div id=\"ajaxProgressDiv1\" style=\"background: #d00; height: 2px; left: 0; margin: 0; padding: 0; position: fixed; top: 0; transition: background 0.5s, width 1.5s; width: 25%;\"></div>\\n\\","utility2-comment -->\\n\\","<h1>\\n\\","<!-- utility2-comment\\n\\","    <a\\n\\","        {{#if env.npm_package_homepage}}\\n\\","        href=\"{{env.npm_package_homepage}}\"\\n\\","        {{/if env.npm_package_homepage}}\\n\\","        target=\"_blank\"\\n\\","    >\\n\\","utility2-comment -->\\n\\","        {{env.npm_package_name}} (v{{env.npm_package_version}})\\n\\","<!-- utility2-comment\\n\\","    </a>\\n\\","utility2-comment -->\\n\\","</h1>\\n\\","<h3>{{env.npm_package_description}}</h3>\\n\\","<!-- utility2-comment\\n\\","<h4><a download href=\"assets.app.js\">download standalone app</a></h4>\\n\\","<button class=\"onclick onreset\" id=\"testRunButton1\">run internal test</button><br>\\n\\","<div id=\"testReportDiv1\" style=\"display: none;\"></div>\\n\\","utility2-comment -->\\n\\","\\n\\","\\n\\","\\n\\","<label>stderr and stdout</label>\\n\\","<textarea class=\"resettable\" id=\"outputTextareaStdout1\" readonly></textarea>\\n\\","<!-- utility2-comment\\n\\","{{#if isRollup}}\\n\\","<script src=\"assets.app.js\"></script>\\n\\","{{#unless isRollup}}\\n\\","utility2-comment -->\\n\\","<script src=\"assets.utility2.rollup.js\"></script>\\n\\","<script src=\"jsonp.utility2._stateInit?callback=window.utility2._stateInit\"></script>\\n\\","<script src=\"assets.npmtest_v8_debug.rollup.js\"></script>\\n\\","<script src=\"assets.example.js\"></script>\\n\\","<script src=\"assets.test.js\"></script>\\n\\","<!-- utility2-comment\\n\\","{{/if isRollup}}\\n\\","utility2-comment -->\\n\\","<div class=\"utility2FooterDiv\">\\n\\","    [ this app was created with\\n\\","    <a href=\"https://github.com/kaizhu256/node-utility2\" target=\"_blank\">utility2</a>\\n\\","    ]\\n\\","</div>\\n\\","</body>\\n\\","</html>\\n\\","';","        /* jslint-ignore-end */","        if (local.templateRender) {","            local.assetsDict['/'] = local.templateRender(","                local.assetsDict['/assets.index.template.html'],","                {","                    env: local.objectSetDefault(local.env, {","                        npm_package_description: 'the greatest app in the world!',","                        npm_package_name: 'my-app',","                        npm_package_nameAlias: 'my_app',","                        npm_package_version: '0.0.1'","                    })","                }","            );","        } else {","            local.assetsDict['/'] = local.assetsDict['/assets.index.template.html']","                .replace((/\\{\\{env\\.(\\w+?)\\}\\}/g), function (match0, match1) {","                    // jslint-hack","                    String(match0);","                    switch (match1) {","                    case 'npm_package_description':","                        return 'the greatest app in the world!';","                    case 'npm_package_name':","                        return 'my-app';","                    case 'npm_package_nameAlias':","                        return 'my_app';","                    case 'npm_package_version':","                        return '0.0.1';","                    }","                });","        }","        // run the cli","        if (local.global.utility2_rollup || module !== require.main) {","            break;","        }","        local.assetsDict['/assets.example.js'] =","            local.assetsDict['/assets.example.js'] ||","            local.fs.readFileSync(__filename, 'utf8');","        // bug-workaround - long $npm_package_buildCustomOrg","        /* jslint-ignore-begin */","        local.assetsDict['/assets.npmtest_v8_debug.rollup.js'] =","            local.assetsDict['/assets.npmtest_v8_debug.rollup.js'] ||","            local.fs.readFileSync(","                local.npmtest_v8_debug.__dirname + '/lib.npmtest_v8_debug.js',","                'utf8'","            ).replace((/^#!/), '//');","        /* jslint-ignore-end */","        local.assetsDict['/favicon.ico'] = local.assetsDict['/favicon.ico'] || '';","        // if $npm_config_timeout_exit exists,","        // then exit this process after $npm_config_timeout_exit ms","        if (Number(process.env.npm_config_timeout_exit)) {","            setTimeout(process.exit, Number(process.env.npm_config_timeout_exit));","        }","        // start server","        if (local.global.utility2_serverHttp1) {","            break;","        }","        process.env.PORT = process.env.PORT || '8081';","        console.error('server starting on port ' + process.env.PORT);","        local.http.createServer(function (request, response) {","            request.urlParsed = local.url.parse(request.url);","            if (local.assetsDict[request.urlParsed.pathname] !== undefined) {","                response.end(local.assetsDict[request.urlParsed.pathname]);","                return;","            }","            response.statusCode = 404;","            response.end();","        }).listen(process.env.PORT);","        break;","    }","}());",""],"l":{"26":2,"28":2,"33":2,"35":2,"37":2,"38":2,"39":2,"44":1,"51":2,"55":2,"59":2,"61":2,"69":1,"70":2,"76":2,"79":2,"82":2,"83":2,"85":1,"89":2,"92":1,"93":1,"94":1,"96":1,"97":1,"100":1,"101":1,"103":1,"106":1,"108":2,"114":1,"116":1,"118":1,"123":1,"124":2,"125":2,"126":3,"127":3,"128":3,"129":3,"130":1,"133":3,"134":3,"139":3,"143":1,"144":3,"145":1,"149":1,"150":1,"158":1,"160":1,"161":1,"162":1,"164":1,"166":1,"258":1,"259":1,"271":1,"274":6,"275":6,"277":1,"279":2,"281":1,"283":2,"288":1,"289":1,"291":1,"296":1,"303":1,"306":1,"307":1,"310":1,"311":1,"313":1,"314":1,"315":1,"316":1,"317":1,"318":1,"319":1,"321":1,"322":1,"324":1}},"/home/travis/build/npmtest/node-npmtest-v8-debug/node_modules/v8-debug/v8-debug.js":{"path":"/home/travis/build/npmtest/node-npmtest-v8-debug/node_modules/v8-debug/v8-debug.js","s":{"1":2,"2":2,"3":2,"4":2,"5":2,"6":2,"7":2,"8":2,"9":2,"10":0,"11":1,"12":0,"13":0,"14":0,"15":0,"16":0,"17":0,"18":0,"19":0,"20":0,"21":0,"22":0,"23":0,"24":0,"25":0,"26":0,"27":0,"28":0,"29":0,"30":0,"31":0,"32":0,"33":0,"34":0,"35":0,"36":0,"37":0,"38":0,"39":0,"40":0,"41":0,"42":0,"43":0,"44":0,"45":0,"46":0,"47":0,"48":0,"49":0,"50":0,"51":0,"52":0,"53":0,"54":1,"55":0,"56":0,"57":0,"58":0,"59":0,"60":0,"61":0,"62":0,"63":0,"64":0,"65":0,"66":0,"67":0,"68":0,"69":0,"70":0,"71":0,"72":0,"73":0,"74":0,"75":0,"76":0,"77":0,"78":0,"79":0,"80":0,"81":0,"82":0,"83":0,"84":0,"85":0,"86":0,"87":0,"88":1,"89":0,"90":0,"91":0,"92":0,"93":0,"94":0,"95":0,"96":0,"97":0,"98":0,"99":0,"100":0,"101":0,"102":0,"103":0,"104":0,"105":0,"106":0,"107":0,"108":0,"109":0,"110":0,"111":0,"112":0,"113":0,"114":0,"115":0,"116":0,"117":0,"118":0,"119":0,"120":0,"121":0,"122":0,"123":0,"124":0,"125":1,"126":0,"127":0,"128":0,"129":0,"130":0,"131":0,"132":0,"133":0,"134":0,"135":0,"136":0,"137":1,"138":0,"139":0,"140":0,"141":0,"142":0,"143":0,"144":0,"145":0,"146":0},"b":{"1":[0,0],"2":[0,0],"3":[0,0],"4":[0,0],"5":[0,0],"6":[0,0],"7":[0,0],"8":[0,0],"9":[0,0],"10":[0,0],"11":[0,0,0],"12":[0,0],"13":[0,0],"14":[0,0],"15":[0,0],"16":[0,0],"17":[0,0],"18":[0,0],"19":[0,0]},"f":{"1":0,"2":0,"3":0,"4":0,"5":0,"6":0,"7":0,"8":0,"9":0,"10":0,"11":0,"12":0,"13":0,"14":0,"15":0,"16":0,"17":0,"18":0,"19":0,"20":0,"21":0,"22":0,"23":0,"24":0,"25":0,"26":0,"27":0,"28":0},"fnMap":{"1":{"name":"InjectedScriptDir","line":15,"loc":{"start":{"line":15,"column":0},"end":{"line":15,"column":33}}},"2":{"name":"(anonymous_2)","line":25,"loc":{"start":{"line":25,"column":36},"end":{"line":25,"column":59}}},"3":{"name":"(anonymous_3)","line":55,"loc":{"start":{"line":55,"column":52},"end":{"line":55,"column":68}}},"4":{"name":"WRAPPED_BY_NODE_INSPECTOR","line":95,"loc":{"start":{"line":95,"column":23},"end":{"line":95,"column":67}}},"5":{"name":"V8Debug","line":103,"loc":{"start":{"line":103,"column":0},"end":{"line":103,"column":19}}},"6":{"name":"(anonymous_6)","line":112,"loc":{"start":{"line":112,"column":21},"end":{"line":112,"column":32}}},"7":{"name":"(anonymous_7)","line":115,"loc":{"start":{"line":115,"column":21},"end":{"line":115,"column":32}}},"8":{"name":"(anonymous_8)","line":121,"loc":{"start":{"line":121,"column":43},"end":{"line":121,"column":54}}},"9":{"name":"(anonymous_9)","line":123,"loc":{"start":{"line":123,"column":20},"end":{"line":123,"column":50}}},"10":{"name":"(anonymous_10)","line":128,"loc":{"start":{"line":128,"column":45},"end":{"line":128,"column":56}}},"11":{"name":"(anonymous_11)","line":133,"loc":{"start":{"line":133,"column":47},"end":{"line":133,"column":58}}},"12":{"name":"(anonymous_12)","line":137,"loc":{"start":{"line":137,"column":68},"end":{"line":137,"column":96}}},"13":{"name":"(anonymous_13)","line":143,"loc":{"start":{"line":143,"column":49},"end":{"line":143,"column":60}}},"14":{"name":"(anonymous_14)","line":153,"loc":{"start":{"line":153,"column":36},"end":{"line":153,"column":57}}},"15":{"name":"(anonymous_15)","line":158,"loc":{"start":{"line":158,"column":41},"end":{"line":158,"column":62}}},"16":{"name":"sendCommand","line":165,"loc":{"start":{"line":165,"column":0},"end":{"line":165,"column":49}}},"17":{"name":"(anonymous_17)","line":175,"loc":{"start":{"line":175,"column":35},"end":{"line":175,"column":63}}},"18":{"name":"(anonymous_18)","line":183,"loc":{"start":{"line":183,"column":34},"end":{"line":183,"column":49}}},"19":{"name":"(anonymous_19)","line":188,"loc":{"start":{"line":188,"column":38},"end":{"line":188,"column":55}}},"20":{"name":"(anonymous_20)","line":196,"loc":{"start":{"line":196,"column":33},"end":{"line":196,"column":56}}},"21":{"name":"(anonymous_21)","line":199,"loc":{"start":{"line":199,"column":15},"end":{"line":199,"column":35}}},"22":{"name":"(anonymous_22)","line":219,"loc":{"start":{"line":219,"column":41},"end":{"line":219,"column":52}}},"23":{"name":"prepareSource","line":233,"loc":{"start":{"line":233,"column":2},"end":{"line":233,"column":33}}},"24":{"name":"(anonymous_24)","line":251,"loc":{"start":{"line":251,"column":30},"end":{"line":251,"column":70}}},"25":{"name":"WebkitProtocolCallback","line":257,"loc":{"start":{"line":257,"column":2},"end":{"line":257,"column":54}}},"26":{"name":"(anonymous_26)","line":258,"loc":{"start":{"line":258,"column":11},"end":{"line":258,"column":39}}},"27":{"name":"(anonymous_27)","line":261,"loc":{"start":{"line":261,"column":30},"end":{"line":261,"column":45}}},"28":{"name":"(anonymous_28)","line":272,"loc":{"start":{"line":272,"column":41},"end":{"line":272,"column":81}}}},"statementMap":{"1":{"start":{"line":1,"column":0},"end":{"line":1,"column":37}},"2":{"start":{"line":2,"column":0},"end":{"line":2,"column":23}},"3":{"start":{"line":3,"column":0},"end":{"line":3,"column":27}},"4":{"start":{"line":4,"column":0},"end":{"line":4,"column":84}},"5":{"start":{"line":5,"column":0},"end":{"line":5,"column":36}},"6":{"start":{"line":6,"column":0},"end":{"line":6,"column":50}},"7":{"start":{"line":7,"column":0},"end":{"line":7,"column":40}},"8":{"start":{"line":8,"column":0},"end":{"line":8,"column":37}},"9":{"start":{"line":10,"column":0},"end":{"line":10,"column":45}},"10":{"start":{"line":13,"column":0},"end":{"line":13,"column":32}},"11":{"start":{"line":15,"column":0},"end":{"line":17,"column":1}},"12":{"start":{"line":16,"column":2},"end":{"line":16,"column":64}},"13":{"start":{"line":18,"column":0},"end":{"line":18,"column":64}},"14":{"start":{"line":19,"column":0},"end":{"line":19,"column":70}},"15":{"start":{"line":20,"column":0},"end":{"line":20,"column":72}},"16":{"start":{"line":22,"column":0},"end":{"line":100,"column":2}},"17":{"start":{"line":26,"column":4},"end":{"line":26,"column":16}},"18":{"start":{"line":27,"column":4},"end":{"line":27,"column":17}},"19":{"start":{"line":28,"column":4},"end":{"line":93,"column":5}},"20":{"start":{"line":29,"column":6},"end":{"line":72,"column":7}},"21":{"start":{"line":31,"column":8},"end":{"line":31,"column":43}},"22":{"start":{"line":33,"column":8},"end":{"line":33,"column":83}},"23":{"start":{"line":34,"column":8},"end":{"line":34,"column":93}},"24":{"start":{"line":35,"column":8},"end":{"line":35,"column":26}},"25":{"start":{"line":37,"column":8},"end":{"line":37,"column":44}},"26":{"start":{"line":37,"column":37},"end":{"line":37,"column":44}},"27":{"start":{"line":40,"column":8},"end":{"line":40,"column":48}},"28":{"start":{"line":42,"column":8},"end":{"line":50,"column":9}},"29":{"start":{"line":43,"column":10},"end":{"line":43,"column":39}},"30":{"start":{"line":44,"column":10},"end":{"line":46,"column":11}},"31":{"start":{"line":45,"column":12},"end":{"line":45,"column":72}},"32":{"start":{"line":47,"column":10},"end":{"line":49,"column":11}},"33":{"start":{"line":48,"column":12},"end":{"line":48,"column":47}},"34":{"start":{"line":52,"column":8},"end":{"line":62,"column":9}},"35":{"start":{"line":53,"column":10},"end":{"line":53,"column":66}},"36":{"start":{"line":53,"column":29},"end":{"line":53,"column":66}},"37":{"start":{"line":55,"column":10},"end":{"line":59,"column":24}},"38":{"start":{"line":56,"column":12},"end":{"line":58,"column":15}},"39":{"start":{"line":61,"column":10},"end":{"line":61,"column":62}},"40":{"start":{"line":64,"column":8},"end":{"line":64,"column":45}},"41":{"start":{"line":67,"column":8},"end":{"line":69,"column":9}},"42":{"start":{"line":68,"column":10},"end":{"line":68,"column":43}},"43":{"start":{"line":70,"column":8},"end":{"line":70,"column":33}},"44":{"start":{"line":71,"column":8},"end":{"line":71,"column":40}},"45":{"start":{"line":75,"column":6},"end":{"line":89,"column":7}},"46":{"start":{"line":76,"column":8},"end":{"line":79,"column":9}},"47":{"start":{"line":78,"column":10},"end":{"line":78,"column":43}},"48":{"start":{"line":80,"column":8},"end":{"line":80,"column":41}},"49":{"start":{"line":81,"column":8},"end":{"line":81,"column":40}},"50":{"start":{"line":84,"column":8},"end":{"line":88,"column":68}},"51":{"start":{"line":92,"column":6},"end":{"line":92,"column":86}},"52":{"start":{"line":96,"column":4},"end":{"line":98,"column":47}},"53":{"start":{"line":102,"column":0},"end":{"line":102,"column":32}},"54":{"start":{"line":103,"column":0},"end":{"line":119,"column":1}},"55":{"start":{"line":104,"column":2},"end":{"line":104,"column":38}},"56":{"start":{"line":109,"column":2},"end":{"line":109,"column":32}},"57":{"start":{"line":110,"column":2},"end":{"line":110,"column":36}},"58":{"start":{"line":112,"column":2},"end":{"line":118,"column":5}},"59":{"start":{"line":113,"column":4},"end":{"line":113,"column":40}},"60":{"start":{"line":114,"column":4},"end":{"line":114,"column":36}},"61":{"start":{"line":115,"column":4},"end":{"line":117,"column":18}},"62":{"start":{"line":116,"column":6},"end":{"line":116,"column":32}},"63":{"start":{"line":121,"column":0},"end":{"line":126,"column":2}},"64":{"start":{"line":122,"column":2},"end":{"line":122,"column":32}},"65":{"start":{"line":123,"column":2},"end":{"line":125,"column":5}},"66":{"start":{"line":128,"column":0},"end":{"line":131,"column":2}},"67":{"start":{"line":129,"column":2},"end":{"line":129,"column":32}},"68":{"start":{"line":130,"column":2},"end":{"line":130,"column":26}},"69":{"start":{"line":133,"column":0},"end":{"line":141,"column":2}},"70":{"start":{"line":134,"column":2},"end":{"line":134,"column":58}},"71":{"start":{"line":135,"column":2},"end":{"line":135,"column":61}},"72":{"start":{"line":136,"column":2},"end":{"line":136,"column":27}},"73":{"start":{"line":137,"column":2},"end":{"line":140,"column":15}},"74":{"start":{"line":138,"column":4},"end":{"line":138,"column":23}},"75":{"start":{"line":139,"column":4},"end":{"line":139,"column":42}},"76":{"start":{"line":143,"column":0},"end":{"line":150,"column":2}},"77":{"start":{"line":144,"column":2},"end":{"line":144,"column":58}},"78":{"start":{"line":145,"column":2},"end":{"line":145,"column":57}},"79":{"start":{"line":146,"column":2},"end":{"line":146,"column":36}},"80":{"start":{"line":147,"column":2},"end":{"line":147,"column":48}},"81":{"start":{"line":148,"column":2},"end":{"line":148,"column":55}},"82":{"start":{"line":149,"column":2},"end":{"line":149,"column":60}},"83":{"start":{"line":152,"column":0},"end":{"line":155,"column":2}},"84":{"start":{"line":154,"column":2},"end":{"line":154,"column":65}},"85":{"start":{"line":157,"column":0},"end":{"line":160,"column":2}},"86":{"start":{"line":159,"column":2},"end":{"line":159,"column":70}},"87":{"start":{"line":162,"column":0},"end":{"line":164,"column":42}},"88":{"start":{"line":165,"column":0},"end":{"line":173,"column":1}},"89":{"start":{"line":166,"column":2},"end":{"line":171,"column":4}},"90":{"start":{"line":172,"column":2},"end":{"line":172,"column":47}},"91":{"start":{"line":175,"column":0},"end":{"line":181,"column":2}},"92":{"start":{"line":176,"column":2},"end":{"line":176,"column":26}},"93":{"start":{"line":177,"column":2},"end":{"line":177,"column":36}},"94":{"start":{"line":178,"column":2},"end":{"line":178,"column":42}},"95":{"start":{"line":179,"column":2},"end":{"line":179,"column":26}},"96":{"start":{"line":180,"column":2},"end":{"line":180,"column":30}},"97":{"start":{"line":183,"column":0},"end":{"line":185,"column":2}},"98":{"start":{"line":184,"column":2},"end":{"line":184,"column":80}},"99":{"start":{"line":187,"column":0},"end":{"line":194,"column":2}},"100":{"start":{"line":189,"column":2},"end":{"line":189,"column":69}},"101":{"start":{"line":189,"column":35},"end":{"line":189,"column":69}},"102":{"start":{"line":191,"column":2},"end":{"line":191,"column":62}},"103":{"start":{"line":193,"column":2},"end":{"line":193,"column":35}},"104":{"start":{"line":196,"column":0},"end":{"line":217,"column":2}},"105":{"start":{"line":197,"column":2},"end":{"line":197,"column":13}},"106":{"start":{"line":199,"column":2},"end":{"line":214,"column":5}},"107":{"start":{"line":200,"column":4},"end":{"line":200,"column":27}},"108":{"start":{"line":201,"column":4},"end":{"line":201,"column":40}},"109":{"start":{"line":202,"column":4},"end":{"line":213,"column":5}},"110":{"start":{"line":203,"column":6},"end":{"line":203,"column":46}},"111":{"start":{"line":204,"column":6},"end":{"line":204,"column":34}},"112":{"start":{"line":205,"column":6},"end":{"line":205,"column":17}},"113":{"start":{"line":206,"column":6},"end":{"line":212,"column":7}},"114":{"start":{"line":207,"column":8},"end":{"line":207,"column":62}},"115":{"start":{"line":208,"column":8},"end":{"line":211,"column":9}},"116":{"start":{"line":209,"column":10},"end":{"line":209,"column":32}},"117":{"start":{"line":210,"column":10},"end":{"line":210,"column":17}},"118":{"start":{"line":216,"column":2},"end":{"line":216,"column":16}},"119":{"start":{"line":219,"column":0},"end":{"line":270,"column":2}},"120":{"start":{"line":220,"column":2},"end":{"line":222,"column":3}},"121":{"start":{"line":221,"column":4},"end":{"line":221,"column":105}},"122":{"start":{"line":224,"column":2},"end":{"line":224,"column":42}},"123":{"start":{"line":224,"column":35},"end":{"line":224,"column":42}},"124":{"start":{"line":226,"column":2},"end":{"line":231,"column":25}},"125":{"start":{"line":233,"column":2},"end":{"line":238,"column":3}},"126":{"start":{"line":234,"column":4},"end":{"line":237,"column":12}},"127":{"start":{"line":240,"column":2},"end":{"line":240,"column":84}},"128":{"start":{"line":241,"column":2},"end":{"line":241,"column":64}},"129":{"start":{"line":243,"column":2},"end":{"line":243,"column":84}},"130":{"start":{"line":244,"column":2},"end":{"line":244,"column":64}},"131":{"start":{"line":246,"column":2},"end":{"line":246,"column":92}},"132":{"start":{"line":247,"column":2},"end":{"line":247,"column":97}},"133":{"start":{"line":249,"column":2},"end":{"line":249,"column":69}},"134":{"start":{"line":251,"column":2},"end":{"line":253,"column":4}},"135":{"start":{"line":252,"column":4},"end":{"line":252,"column":84}},"136":{"start":{"line":255,"column":2},"end":{"line":255,"column":37}},"137":{"start":{"line":257,"column":2},"end":{"line":269,"column":3}},"138":{"start":{"line":258,"column":4},"end":{"line":268,"column":5}},"139":{"start":{"line":259,"column":6},"end":{"line":259,"column":54}},"140":{"start":{"line":261,"column":6},"end":{"line":263,"column":9}},"141":{"start":{"line":262,"column":8},"end":{"line":262,"column":39}},"142":{"start":{"line":265,"column":6},"end":{"line":265,"column":74}},"143":{"start":{"line":267,"column":6},"end":{"line":267,"column":42}},"144":{"start":{"line":272,"column":0},"end":{"line":274,"column":2}},"145":{"start":{"line":273,"column":2},"end":{"line":273,"column":73}},"146":{"start":{"line":276,"column":0},"end":{"line":276,"column":31}}},"branchMap":{"1":{"line":37,"type":"if","locations":[{"start":{"line":37,"column":8},"end":{"line":37,"column":8}},{"start":{"line":37,"column":8},"end":{"line":37,"column":8}}]},"2":{"line":37,"type":"binary-expr","locations":[{"start":{"line":37,"column":12},"end":{"line":37,"column":19}},{"start":{"line":37,"column":23},"end":{"line":37,"column":35}}]},"3":{"line":42,"type":"if","locations":[{"start":{"line":42,"column":8},"end":{"line":42,"column":8}},{"start":{"line":42,"column":8},"end":{"line":42,"column":8}}]},"4":{"line":44,"type":"if","locations":[{"start":{"line":44,"column":10},"end":{"line":44,"column":10}},{"start":{"line":44,"column":10},"end":{"line":44,"column":10}}]},"5":{"line":47,"type":"if","locations":[{"start":{"line":47,"column":10},"end":{"line":47,"column":10}},{"start":{"line":47,"column":10},"end":{"line":47,"column":10}}]},"6":{"line":52,"type":"if","locations":[{"start":{"line":52,"column":8},"end":{"line":52,"column":8}},{"start":{"line":52,"column":8},"end":{"line":52,"column":8}}]},"7":{"line":53,"type":"if","locations":[{"start":{"line":53,"column":10},"end":{"line":53,"column":10}},{"start":{"line":53,"column":10},"end":{"line":53,"column":10}}]},"8":{"line":57,"type":"binary-expr","locations":[{"start":{"line":57,"column":29},"end":{"line":57,"column":34}},{"start":{"line":57,"column":38},"end":{"line":57,"column":46}}]},"9":{"line":67,"type":"if","locations":[{"start":{"line":67,"column":8},"end":{"line":67,"column":8}},{"start":{"line":67,"column":8},"end":{"line":67,"column":8}}]},"10":{"line":76,"type":"if","locations":[{"start":{"line":76,"column":8},"end":{"line":76,"column":8}},{"start":{"line":76,"column":8},"end":{"line":76,"column":8}}]},"11":{"line":96,"type":"binary-expr","locations":[{"start":{"line":96,"column":12},"end":{"line":96,"column":49}},{"start":{"line":97,"column":9},"end":{"line":97,"column":55}},{"start":{"line":98,"column":9},"end":{"line":98,"column":46}}]},"12":{"line":170,"type":"binary-expr","locations":[{"start":{"line":170,"column":15},"end":{"line":170,"column":25}},{"start":{"line":170,"column":29},"end":{"line":170,"column":31}}]},"13":{"line":178,"type":"binary-expr","locations":[{"start":{"line":178,"column":18},"end":{"line":178,"column":35}},{"start":{"line":178,"column":39},"end":{"line":178,"column":41}}]},"14":{"line":189,"type":"if","locations":[{"start":{"line":189,"column":2},"end":{"line":189,"column":2}},{"start":{"line":189,"column":2},"end":{"line":189,"column":2}}]},"15":{"line":191,"type":"cond-expr","locations":[{"start":{"line":191,"column":33},"end":{"line":191,"column":39}},{"start":{"line":191,"column":42},"end":{"line":191,"column":61}}]},"16":{"line":202,"type":"if","locations":[{"start":{"line":202,"column":4},"end":{"line":202,"column":4}},{"start":{"line":202,"column":4},"end":{"line":202,"column":4}}]},"17":{"line":208,"type":"if","locations":[{"start":{"line":208,"column":8},"end":{"line":208,"column":8}},{"start":{"line":208,"column":8},"end":{"line":208,"column":8}}]},"18":{"line":220,"type":"if","locations":[{"start":{"line":220,"column":2},"end":{"line":220,"column":2}},{"start":{"line":220,"column":2},"end":{"line":220,"column":2}}]},"19":{"line":224,"type":"if","locations":[{"start":{"line":224,"column":2},"end":{"line":224,"column":2}},{"start":{"line":224,"column":2},"end":{"line":224,"column":2}}]}},"code":["var binary = require('node-pre-gyp');","var fs = require('fs');","var path = require('path');","var binding_path = binary.find(path.resolve(path.join(__dirname,'./package.json')));","var binding = require(binding_path);","var EventEmitter = require('events').EventEmitter;","var inherits = require('util').inherits;","var extend = require('util')._extend;","","var NODE_NEXT = require('./tools/NODE_NEXT');","","// Don't cache debugger module","delete require.cache[module.id];","","function InjectedScriptDir(link) {","  return require.resolve(__dirname + '/InjectedScript/' + link);","};","var DebuggerScriptLink = InjectedScriptDir('DebuggerScript.js');","var InjectedScriptLink = InjectedScriptDir('InjectedScriptSource.js');","var InjectedScriptHostLink = InjectedScriptDir('InjectedScriptHost.js');","","var overrides = {","  extendedProcessDebugJSONRequestHandles_: {},","  extendedProcessDebugJSONRequestAsyncHandles_: {},","  extendedProcessDebugJSONRequest_: function(json_request) {","    var request;  // Current request.","    var response;  // Generated response.","    try {","      try {","        // Convert the JSON string to an object.","        request = JSON.parse(json_request);","","        var handle = this.extendedProcessDebugJSONRequestHandles_[request.command];","        var asyncHandle = this.extendedProcessDebugJSONRequestAsyncHandles_[request.command];","        var asyncResponse;","","        if (!handle && !asyncHandle) return;","","        // Create an initial response.","        response = this.createResponse(request);","","        if (request.arguments) {","          var args = request.arguments;","          if (args.maxStringLength !== undefined) {","            response.setOption('maxStringLength', args.maxStringLength);","          }","          if (args.asyncResponse) {","            asyncResponse = args.asyncResponse;","          }","        }","","        if (asyncHandle) {","          if (asyncResponse) return JSON.stringify(asyncResponse);","","          asyncHandle.call(this, request, response, function(error) {","            sendCommand(request.command, {","              asyncResponse: error || response","            });","          }.bind(this));","","          return '{\"seq\":0,\"type\":\"response\",\"success\":true}';","        }","","        handle.call(this, request, response);","      } catch (e) {","        // If there is no response object created one (without command).","        if (!response) {","          response = this.createResponse();","        }","        response.success = false;","        response.message = e.toString();","      }","","      // Return the response as a JSON encoded string.","      try {","        if (response.running !== undefined) {","          // Response controls running state.","          this.running_ = response.running;","        }","        response.running = this.running_;","        return JSON.stringify(response);","      } catch (e) {","        // Failed to generate response - return generic error.","        return '{\"seq\":' + response.seq + ',' +","                '\"request_seq\":' + request.seq + ',' +","                '\"type\":\"response\",' +","                '\"success\":false,' +","                '\"message\":\"Internal error: ' + e.toString() + '\"}';","      }","    } catch (e) {","      // Failed in one of the catch blocks above - most generic error.","      return '{\"seq\":0,\"type\":\"response\",\"success\":false,\"message\":\"Internal error\"}';","    }","  },","  processDebugRequest: function WRAPPED_BY_NODE_INSPECTOR(request) {","    return (this.extendedProcessDebugJSONRequest_","      && this.extendedProcessDebugJSONRequest_(request))","      || this.processDebugJSONRequest(request);","  }","};","","inherits(V8Debug, EventEmitter);","function V8Debug() {","  this._webkitProtocolEnabled = false;","","  // NOTE: Call `_setDebugEventListener` before all other changes in Debug Context.","  // After node 0.12.0 this function serves to allocate Debug Context","  // like a persistent value, that saves all our changes.","  this._setDebugEventListener();","  this._wrapDebugCommandProcessor();","","  this.once('close', function() {","    this._unwrapDebugCommandProcessor();","    this._unsetDebugEventListener();","    process.nextTick(function() {","      this.removeAllListeners();","    }.bind(this));","  });","}","","V8Debug.prototype._setDebugEventListener = function() {","  var Debug = this.get('Debug');","  Debug.setListener(function(_, execState, event) {","    // TODO(3y3): Handle events here","  });","};","","V8Debug.prototype._unsetDebugEventListener = function() {","  var Debug = this.get('Debug');","  Debug.setListener(null);","};","","V8Debug.prototype._wrapDebugCommandProcessor = function() {","  var proto = this.get('DebugCommandProcessor.prototype');","  overrides.processDebugRequest_ = proto.processDebugRequest;","  extend(proto, overrides);","  overrides.extendedProcessDebugJSONRequestHandles_['disconnect'] = function(request, response) {","    this.emit('close');","    this.processDebugJSONRequest(request);","  }.bind(this);","};","","V8Debug.prototype._unwrapDebugCommandProcessor = function() {","  var proto = this.get('DebugCommandProcessor.prototype');","  proto.processDebugRequest = proto.processDebugRequest_;","  delete proto.processDebugRequest_;","  delete proto.extendedProcessDebugJSONRequest_;","  delete proto.extendedProcessDebugJSONRequestHandles_;","  delete proto.extendedProcessDebugJSONRequestAsyncHandles_;","};","","V8Debug.prototype.register =","V8Debug.prototype.registerCommand = function(name, func) {","  overrides.extendedProcessDebugJSONRequestHandles_[name] = func;","};","","V8Debug.prototype.registerAsync =","V8Debug.prototype.registerAsyncCommand = function(name, func) {","  overrides.extendedProcessDebugJSONRequestAsyncHandles_[name] = func;","};","","V8Debug.prototype.command =","V8Debug.prototype.sendCommand =","V8Debug.prototype.emitEvent = sendCommand;","function sendCommand(name, attributes, userdata) {","  var message = {","    seq: 0,","    type: 'request',","    command: name,","    arguments: attributes || {}","  };","  binding.sendCommand(JSON.stringify(message));","};","","V8Debug.prototype.commandToEvent = function(request, response) {","  response.type = 'event';","  response.event = response.command;","  response.body = request.arguments || {};","  delete response.command;","  delete response.request_seq;","};","","V8Debug.prototype.registerEvent = function(name) {","  overrides.extendedProcessDebugJSONRequestHandles_[name] = this.commandToEvent;","};","","V8Debug.prototype.get =","V8Debug.prototype.runInDebugContext = function(script) {","  if (typeof script == 'function') script = script.toString() + '()';","","  script = /\\);$/.test(script) ? script : '(' + script + ');';","","  return binding.runScript(script);","};","","V8Debug.prototype.getFromFrame = function(index, value) {","  var result;","","  binding.call(function(execState) {","    var _index = index + 1;","    var _count = execState.frameCount();","    if (_count > _index + 1 ) {","      var frame = execState.frame(_index + 1);","      _count = frame.scopeCount();","      _index = 0;","      while (_count --> 0) {","        var scope = frame.scope(_index).scopeObject().value();","        if (scope[value]) {","          result = scope[value];","          return;","        }","      }","    }","  });","","  return result;","};","","V8Debug.prototype.enableWebkitProtocol = function() {","  if (!NODE_NEXT) {","    throw new Error('WebKit protocol is not supported on target node version (' + process.version + ')');","  }","","  if (this._webkitProtocolEnabled) return;","","  var DebuggerScriptSource,","      DebuggerScript,","      InjectedScriptSource,","      InjectedScript,","      InjectedScriptHostSource,","      InjectedScriptHost;","","  function prepareSource(source) {","    return 'var ToggleMirrorCache = ToggleMirrorCache || function() {};\\n' +","    '(function() {' +","      ('' + source).replace(/^.*?\"use strict\";(\\r?\\n.*?)*\\(/m, '\\r\\n\"use strict\";\\nreturn (') +","    '}());';","  }","","  DebuggerScriptSource = prepareSource(fs.readFileSync(DebuggerScriptLink, 'utf8'));","  DebuggerScript = this.runInDebugContext(DebuggerScriptSource);","","  InjectedScriptSource = prepareSource(fs.readFileSync(InjectedScriptLink, 'utf8'));","  InjectedScript = this.runInDebugContext(InjectedScriptSource);","","  InjectedScriptHostSource = prepareSource(fs.readFileSync(InjectedScriptHostLink, 'utf8'));","  InjectedScriptHost = this.runInDebugContext(InjectedScriptHostSource)(binding, DebuggerScript);","","  var injectedScript = InjectedScript(InjectedScriptHost, global, 1);","","  this.registerAgentCommand = function(command, parameters, callback) {","    this.registerCommand(command, new WebkitProtocolCallback(parameters, callback));","  };","","  this._webkitProtocolEnabled = true;","","  function WebkitProtocolCallback(argsList, callback) {","    return function(request, response) {","      InjectedScriptHost.execState = this.exec_state_;","","      var args = argsList.map(function(name) {","        return request.arguments[name];","      });","","      callback.call(this, args, response, injectedScript, DebuggerScript);","","      InjectedScriptHost.execState = null;","    }","  }","};","","V8Debug.prototype.registerAgentCommand = function(command, parameters, callback) {","  throw new Error('Use \"enableWebkitProtocol\" before using this method');","};","","module.exports = new V8Debug();",""],"l":{"1":2,"2":2,"3":2,"4":2,"5":2,"6":2,"7":2,"8":2,"10":2,"13":0,"15":1,"16":0,"18":0,"19":0,"20":0,"22":0,"26":0,"27":0,"28":0,"29":0,"31":0,"33":0,"34":0,"35":0,"37":0,"40":0,"42":0,"43":0,"44":0,"45":0,"47":0,"48":0,"52":0,"53":0,"55":0,"56":0,"61":0,"64":0,"67":0,"68":0,"70":0,"71":0,"75":0,"76":0,"78":0,"80":0,"81":0,"84":0,"92":0,"96":0,"102":0,"103":1,"104":0,"109":0,"110":0,"112":0,"113":0,"114":0,"115":0,"116":0,"121":0,"122":0,"123":0,"128":0,"129":0,"130":0,"133":0,"134":0,"135":0,"136":0,"137":0,"138":0,"139":0,"143":0,"144":0,"145":0,"146":0,"147":0,"148":0,"149":0,"152":0,"154":0,"157":0,"159":0,"162":0,"165":1,"166":0,"172":0,"175":0,"176":0,"177":0,"178":0,"179":0,"180":0,"183":0,"184":0,"187":0,"189":0,"191":0,"193":0,"196":0,"197":0,"199":0,"200":0,"201":0,"202":0,"203":0,"204":0,"205":0,"206":0,"207":0,"208":0,"209":0,"210":0,"216":0,"219":0,"220":0,"221":0,"224":0,"226":0,"233":1,"234":0,"240":0,"241":0,"243":0,"244":0,"246":0,"247":0,"249":0,"251":0,"252":0,"255":0,"257":1,"258":0,"259":0,"261":0,"262":0,"265":0,"267":0,"272":0,"273":0,"276":0}},"/home/travis/build/npmtest/node-npmtest-v8-debug/node_modules/v8-debug/InjectedScript/DebuggerScript.js":{"path":"/home/travis/build/npmtest/node-npmtest-v8-debug/node_modules/v8-debug/InjectedScript/DebuggerScript.js","s":{"1":2,"2":2,"3":2,"4":2,"5":2,"6":2,"7":0,"8":0,"9":0,"10":0,"11":0,"12":0,"13":0,"14":0,"15":0,"16":0,"17":0,"18":0,"19":0,"20":0,"21":0,"22":0,"23":0,"24":0,"25":0,"26":0,"27":0,"28":0,"29":0,"30":0,"31":0,"32":0,"33":0,"34":0,"35":0,"36":0,"37":0,"38":0,"39":0,"40":0,"41":0,"42":0,"43":0,"44":0,"45":0,"46":0,"47":0,"48":0,"49":0,"50":0,"51":0,"52":0,"53":0,"54":0,"55":0,"56":0,"57":0,"58":0,"59":0,"60":0,"61":0,"62":0,"63":0,"64":0,"65":0,"66":0,"67":0,"68":0,"69":0,"70":0,"71":0,"72":0,"73":0,"74":0,"75":0,"76":0,"77":0,"78":0,"79":0,"80":0,"81":0,"82":0,"83":0,"84":0,"85":0,"86":0,"87":0,"88":0,"89":0,"90":0,"91":0,"92":0,"93":0,"94":0,"95":0,"96":0,"97":0,"98":0,"99":0,"100":0,"101":0,"102":0,"103":0,"104":0,"105":0,"106":0,"107":0
[...]
s = [types];","","        var result = [];","        for (var i = 0; i < types.length; ++i) {","            if (types[i] === \"mouse\")","                push(result, \"click\", \"dblclick\", \"mousedown\", \"mouseeenter\", \"mouseleave\", \"mousemove\", \"mouseout\", \"mouseover\", \"mouseup\", \"mouseleave\", \"mousewheel\");","            else if (types[i] === \"key\")","                push(result, \"keydown\", \"keyup\", \"keypress\", \"textInput\");","            else if (types[i] === \"touch\")","                push(result, \"touchstart\", \"touchmove\", \"touchend\", \"touchcancel\");","            else if (types[i] === \"pointer\")","                push(result, \"pointerover\", \"pointerout\", \"pointerenter\", \"pointerleave\", \"pointerdown\", \"pointerup\", \"pointermove\", \"pointercancel\", \"gotpointercapture\", \"lostpointercapture\");","            else if (types[i] === \"control\")","                push(result, \"resize\", \"scroll\", \"zoom\", \"focus\", \"blur\", \"select\", \"input\", \"change\", \"submit\", \"reset\");","            else","                push(result, types[i]);","        }","        return result;","    },","","    /**","     * @param {!Event} event","     */","    _logEvent: function(event)","    {","        inspectedGlobalObject.console.log(event.type, event);","    }","}","","injectedScript._commandLineAPIImpl = new CommandLineAPIImpl();","return injectedScript;","})",""],"l":{"37":1,"43":0,"50":1,"52":0,"53":0,"62":1,"64":0,"65":0,"66":0,"67":0,"76":1,"78":0,"79":0,"80":0,"81":0,"82":0,"83":0,"91":1,"95":0,"96":0,"98":0,"99":0,"107":1,"109":0,"110":0,"111":0,"121":1,"123":0,"128":1,"130":0,"132":0,"134":0,"136":0,"144":1,"146":0,"147":0,"148":0,"155":1,"157":0,"158":0,"159":0,"167":1,"169":0,"170":0,"171":0,"172":0,"173":0,"174":0,"178":0,"186":1,"188":0,"196":1,"198":0,"199":0,"208":1,"210":0,"211":0,"212":0,"214":0,"215":0,"216":0,"217":0,"219":0,"232":0,"233":0,"234":0,"235":0,"236":0,"243":1,"245":0,"246":0,"247":0,"249":0,"250":0,"253":0,"259":0,"267":0,"275":0,"283":0,"295":0,"296":0,"297":0,"306":0,"307":0,"308":0,"309":0,"311":0,"312":0,"323":0,"324":0,"325":0,"326":0,"327":0,"328":0,"329":0,"330":0,"331":0,"333":0,"342":0,"343":0,"345":0,"346":0,"348":0,"349":0,"367":0,"368":0,"370":0,"371":0,"373":0,"375":0,"386":0,"387":0,"396":0,"401":0,"413":0,"414":0,"415":0,"417":0,"418":0,"419":0,"420":0,"421":0,"423":0,"424":0,"425":0,"426":0,"427":0,"428":0,"429":0,"430":0,"431":0,"432":0,"433":0,"434":0,"435":0,"436":0,"438":0,"447":0,"448":0,"449":0,"450":0,"451":0,"452":0,"453":0,"454":0,"455":0,"456":0,"457":0,"462":0,"465":0,"474":0,"475":0,"476":0,"477":0,"478":0,"479":0,"480":0,"481":0,"482":0,"483":0,"484":0,"485":0,"486":0,"488":0,"497":0,"498":0,"499":0,"500":0,"501":0,"502":0,"503":0,"504":0,"505":0,"506":0,"515":0,"516":0,"517":0,"518":0,"519":0,"520":0,"521":0,"522":0,"523":0,"524":0,"525":0,"526":0,"527":0,"528":0,"530":0,"541":0,"547":1,"549":0,"550":0,"551":0,"553":0,"554":0,"555":0,"557":0,"558":0,"559":0,"560":0,"561":0,"562":0,"563":0,"564":0,"565":0,"566":0,"570":0,"571":0,"572":0,"573":0,"574":0,"575":0,"576":0,"580":0,"583":0,"584":0,"585":0,"586":0,"587":0,"590":0,"591":0,"592":0,"593":0,"594":0,"595":0,"602":1,"604":0,"605":0,"608":0,"609":0,"610":0,"611":0,"612":0,"613":0,"614":0,"615":0,"617":0,"618":0,"621":0,"624":0,"625":0,"626":0,"630":0,"631":0,"633":0,"634":0,"637":0,"638":0,"639":0,"640":0,"642":0,"643":0,"644":0,"646":0,"647":0,"648":0,"649":0,"664":0,"676":0,"677":0,"678":0,"679":0,"681":0,"682":0,"683":0,"684":0,"685":0,"686":0,"688":0,"693":0,"706":1,"708":0,"711":0,"713":0,"714":0,"716":0,"717":0,"718":0,"720":0,"724":0,"726":0,"727":0,"740":0,"741":0,"742":0,"743":0,"744":0,"746":0,"747":0,"749":0,"750":0,"751":0,"752":0,"753":0,"754":0,"756":0,"757":0,"760":0,"761":0,"763":0,"775":0,"776":0,"777":0,"778":0,"779":0,"780":0,"782":0,"783":0,"784":0,"786":0,"787":0,"788":0,"789":0,"790":0,"791":0,"793":0,"808":0,"809":0,"810":0,"814":0,"826":0,"827":0,"828":0,"829":0,"832":0,"849":0,"851":0,"852":0,"854":0,"855":0,"856":0,"857":0,"858":0,"859":0,"860":0,"862":0,"863":0,"864":0,"865":0,"866":0,"867":0,"869":0,"873":0,"874":0,"875":0,"876":0,"877":0,"878":0,"880":0,"881":0,"882":0,"886":0,"887":0,"888":0,"902":0,"903":0,"905":0,"906":0,"907":0,"908":0,"909":0,"910":0,"912":0,"928":0,"929":0,"930":0,"931":0,"932":0,"933":0,"943":0,"944":0,"945":0,"946":0,"956":0,"957":0,"958":0,"959":0,"960":0,"961":0,"962":0,"977":0,"978":0,"979":0,"980":0,"981":0,"982":0,"983":0,"984":0,"986":0,"987":0,"988":0,"989":0,"990":0,"993":0,"995":0,"1005":0,"1006":0,"1007":0,"1008":0,"1009":0,"1010":0,"1019":0,"1028":0,"1038":0,"1047":0,"1048":0,"1050":0,"1051":0,"1053":0,"1054":0,"1055":0,"1057":0,"1058":0,"1061":0,"1070":0,"1071":0,"1073":0,"1075":0,"1076":0,"1078":0,"1079":0,"1081":0,"1082":0,"1083":0,"1085":0,"1086":0,"1087":0,"1088":0,"1090":0,"1091":0,"1093":0,"1096":0,"1097":0,"1098":0,"1099":0,"1100":0,"1104":0,"1105":0,"1107":0,"1108":0,"1109":0,"1111":0,"1115":0,"1116":0,"1117":0,"1118":0,"1119":0,"1120":0,"1121":0,"1122":0,"1123":0,"1125":0,"1130":0,"1138":0,"1146":0,"1160":0,"1162":0,"1163":0,"1164":0,"1166":0,"1168":0,"1169":0,"1172":0,"1173":0,"1176":0,"1177":0,"1179":0,"1184":0,"1185":0,"1189":0,"1192":0,"1194":0,"1195":0,"1196":0,"1197":0,"1198":0,"1199":0,"1200":0,"1201":0,"1202":0,"1204":0,"1205":0,"1207":0,"1208":0,"1209":0,"1210":0,"1214":0,"1227":1,"1229":0,"1232":0,"1233":0,"1234":0,"1235":0,"1237":0,"1238":0,"1239":0,"1240":0,"1241":0,"1243":0,"1244":0,"1245":0,"1246":0,"1247":0,"1248":0,"1249":0,"1251":0,"1255":0,"1257":0,"1265":0,"1273":0,"1274":0,"1275":0,"1288":0,"1289":0,"1291":0,"1297":0,"1298":0,"1300":0,"1301":0,"1302":0,"1305":0,"1306":0,"1307":0,"1308":0,"1316":0,"1318":0,"1319":0,"1322":0,"1325":0,"1337":0,"1338":0,"1339":0,"1340":0,"1341":0,"1342":0,"1343":0,"1344":0,"1347":0,"1350":0,"1351":0,"1354":0,"1355":0,"1358":0,"1359":0,"1362":0,"1363":0,"1366":0,"1367":0,"1368":0,"1372":0,"1373":0,"1374":0,"1377":0,"1378":0,"1381":0,"1382":0,"1383":0,"1387":0,"1388":0,"1391":0,"1392":0,"1393":0,"1396":0,"1397":0,"1398":0,"1399":0,"1400":0,"1402":0,"1403":0,"1406":0,"1407":0,"1408":0,"1409":0,"1411":0,"1412":0,"1413":0,"1414":0,"1415":0,"1416":0,"1417":0,"1419":0,"1420":0,"1421":0,"1422":0,"1423":0,"1425":0,"1436":0,"1437":0,"1439":0,"1440":0,"1441":0,"1442":0,"1444":0,"1455":0,"1456":0,"1457":0,"1458":0,"1459":0,"1460":0,"1461":0,"1463":0,"1465":0,"1466":0,"1467":0,"1468":0,"1469":0,"1470":0,"1471":0,"1473":0,"1474":0,"1478":0,"1479":0,"1480":0,"1487":1,"1489":0,"1490":0,"1491":0,"1492":0,"1493":0,"1505":0,"1506":0,"1507":0,"1508":0,"1509":0,"1510":0,"1512":0,"1524":0,"1526":0,"1527":0,"1528":0,"1529":0,"1530":0,"1531":0,"1532":0,"1533":0,"1536":0,"1543":0,"1544":0,"1545":0,"1546":0,"1547":0,"1557":0,"1574":0,"1576":0,"1588":1,"1594":1,"1596":0,"1597":0,"1599":0,"1600":0,"1601":0,"1602":0,"1604":0,"1611":1,"1613":0,"1615":0,"1616":0,"1617":0,"1618":0,"1619":0,"1620":0,"1621":0,"1622":0,"1625":0,"1629":0,"1630":0,"1631":0,"1632":0,"1634":0,"1635":0,"1638":0,"1639":0,"1640":0,"1641":0,"1643":0,"1646":0,"1648":0,"1657":0,"1666":1,"1670":0,"1678":0,"1679":0,"1681":0,"1691":0,"1692":0,"1693":0,"1702":0,"1712":0,"1713":0,"1714":0,"1716":0,"1718":0,"1720":0,"1722":0,"1723":0,"1724":0,"1725":0,"1726":0,"1735":0,"1743":0,"1751":0,"1759":0,"1760":0,"1761":0,"1762":0,"1770":0,"1778":0,"1787":0,"1788":0,"1789":0,"1790":0,"1791":0,"1792":0,"1802":0,"1803":0,"1804":0,"1805":0,"1806":0,"1815":0,"1820":0,"1821":0,"1822":0,"1823":0,"1824":0,"1826":0,"1827":0,"1829":0,"1833":0,"1834":0,"1835":0,"1840":0,"1849":0,"1850":0,"1851":0,"1853":0,"1855":0,"1857":0,"1858":0,"1859":0,"1860":0,"1861":0,"1864":0,"1869":0,"1874":0,"1879":0,"1884":0,"1889":0,"1897":0,"1906":0,"1907":0,"1908":0,"1909":0,"1911":0,"1912":0,"1913":0,"1914":0,"1915":0,"1916":0,"1917":0,"1918":0,"1919":0,"1920":0,"1921":0,"1922":0,"1924":0,"1926":0,"1934":0,"1938":0,"1939":0}},"/home/travis/build/npmtest/node-npmtest-v8-debug/node_modules/v8-debug/tools/annotate-tag.js":{"path":"/home/travis/build/npmtest/node-npmtest-v8-debug/node_modules/v8-debug/tools/annotate-tag.js","s":{"1":1,"2":1,"3":1,"4":0,"5":0,"6":0},"b":{},"f":{"1":0},"fnMap":{"1":{"name":"(anonymous_1)","line":6,"loc":{"start":{"line":6,"column":25},"end":{"line":6,"column":46}}}},"statementMap":{"1":{"start":{"line":3,"column":0},"end":{"line":3,"column":25}},"2":{"start":{"line":4,"column":0},"end":{"line":4,"column":31}},"3":{"start":{"line":6,"column":0},"end":{"line":11,"column":3}},"4":{"start":{"line":7,"column":2},"end":{"line":7,"column":54}},"5":{"start":{"line":8,"column":2},"end":{"line":8,"column":32}},"6":{"start":{"line":10,"column":2},"end":{"line":10,"column":73}}},"branchMap":{},"code":["'use strict';","","const co = require('co');","const exec = require('./exec');","","module.exports = co.wrap(function * (version) {","  const history = yield require('./history')(version);","  const tagname = 'v' + version;","","  return yield exec('git tag -a \"' + tagname + '\" -m \"' + history + '\"');","});",""],"l":{"3":1,"4":1,"6":1,"7":0,"8":0,"10":0}},"/home/travis/build/npmtest/node-npmtest-v8-debug/node_modules/v8-debug/tools/exec.js":{"path":"/home/travis/build/npmtest/node-npmtest-v8-debug/node_modules/v8-debug/tools/exec.js","s":{"1":1,"2":1,"3":0,"4":0,"5":0},"b":{"1":[0,0]},"f":{},"fnMap":{},"statementMap":{"1":{"start":{"line":3,"column":0},"end":{"line":3,"column":43}},"2":{"start":{"line":5,"column":0},"end":{"line":9,"column":3}},"3":{"start":{"line":6,"column":18},"end":{"line":9,"column":2}},"4":{"start":{"line":7,"column":23},"end":{"line":9,"column":1}},"5":{"start":{"line":8,"column":21},"end":{"line":8,"column":75}}},"branchMap":{"1":{"line":8,"type":"cond-expr","locations":[{"start":{"line":8,"column":29},"end":{"line":8,"column":42}},{"start":{"line":8,"column":45},"end":{"line":8,"column":75}}]}},"code":["'use strict';","","const exec = require('child_process').exec;","","module.exports =","  (expression) => new Promise(","  (resolve, reject) => exec(expression,","  (error, result) => error ? reject(error) : resolve(String(result).trim())","));",""],"l":{"3":1,"5":1,"6":0,"7":0,"8":0}},"/home/travis/build/npmtest/node-npmtest-v8-debug/node_modules/v8-debug/tools/commit-changes.js":{"path":"/home/travis/build/npmtest/node-npmtest-v8-debug/node_modules/v8-debug/tools/commit-changes.js","s":{"1":1,"2":1,"3":1,"4":0},"b":{},"f":{},"fnMap":{},"statementMap":{"1":{"start":{"line":3,"column":0},"end":{"line":3,"column":31}},"2":{"start":{"line":4,"column":0},"end":{"line":4,"column":63}},"3":{"start":{"line":6,"column":0},"end":{"line":7,"column":66}},"4":{"start":{"line":7,"column":15},"end":{"line":7,"column":65}}},"branchMap":{},"code":["'use strict';","","const exec = require('./exec');","const changed = [/*'ChangeLog.md',*/ 'package.json'].join(' ');","","module.exports =","  (version) => exec('git commit -m \"' + version + '\" ' + changed);",""],"l":{"3":1,"4":1,"6":1,"7":0}},"/home/travis/build/npmtest/node-npmtest-v8-debug/node_modules/v8-debug/tools/history.js":{"path":"/home/travis/build/npmtest/node-npmtest-v8-debug/node_modules/v8-debug/tools/history.js","s":{"1":1,"2":1,"3":1,"4":0,"5":0,"6":0,"7":0},"b":{"1":[0,0]},"f":{"1":0},"fnMap":{"1":{"name":"(anonymous_1)","line":6,"loc":{"start":{"line":6,"column":25},"end":{"line":6,"column":39}}}},"statementMap":{"1":{"start":{"line":3,"column":0},"end":{"line":3,"column":25}},"2":{"start":{"line":4,"column":0},"end":{"line":4,"column":31}},"3":{"start":{"line":6,"column":0},"end":{"line":12,"column":3}},"4":{"start":{"line":7,"column":2},"end":{"line":7,"column":67}},"5":{"start":{"line":8,"column":2},"end":{"line":8,"column":76}},"6":{"start":{"line":9,"column":2},"end":{"line":9,"column":56}},"7":{"start":{"line":11,"column":2},"end":{"line":11,"column":96}}},"branchMap":{"1":{"line":9,"type":"cond-expr","locations":[{"start":{"line":9,"column":29},"end":{"line":9,"column":50}},{"start":{"line":9,"column":53},"end":{"line":9,"column":55}}]}},"code":["'use strict';","","const co = require('co');","const exec = require('./exec');","","module.exports = co.wrap(function * () {","  const _lasttag = yield exec('git rev-list --tags --max-count=1');","  const _version = yield exec('git describe --tags --abbrev=0 ' + _lasttag);","  const version = _version ? ' ' + _version + '..' : '';","","  return ' ' + (yield exec('git log --no-merges --pretty=\"format: * %s (%an) %H%n\"' + version));","});",""],"l":{"3":1,"4":1,"6":1,"7":0,"8":0,"9":0,"11":0}},"/home/travis/build/npmtest/node-npmtest-v8-debug/node_modules/v8-debug/tools/prepublish-to-npm.js":{"path":"/home/travis/build/npmtest/node-npmtest-v8-debug/node_modules/v8-debug/tools/prepublish-to-npm.js","s":{"1":1,"2":1,"3":1,"4":1,"5":1,"6":0,"7":0,"8":0,"9":1,"10":0,"11":0,"12":0,"13":0,"14":1,"15":0,"16":0,"17":0,"18":0,"19":0,"20":0,"21":0,"22":0},"b":{"1":[0,0]},"f":{"1":0,"2":0},"fnMap":{"1":{"name":"(anonymous_1)","line":13,"loc":{"start":{"line":13,"column":13},"end":{"line":13,"column":39}}},"2":{"name":"(anonymous_2)","line":26,"loc":{"start":{"line":26,"column":25},"end":{"line":26,"column":39}}}},"statementMap":{"1":{"start":{"line":3,"column":0},"end":{"line":3,"column":25}},"2":{"start":{"line":4,"column":0},"end":{"line":4,"column":33}},"3":{"start":{"line":5,"column":0},"end":{"line":5,"column":36}},"4":{"start":{"line":6,"column":0},"end":{"line":6,"column":65}},"5":{"start":{"line":7,"column":0},"end":{"line":10,"column":2}},"6":{"start":{"line":14,"column":4},"end":{"line":14,"column":26}},"7":{"start":{"line":15,"column":4},"end":{"line":15,"column":36}},"8":{"start":{"line":16,"column":4},"end":{"line":16,"column":28}},"9":{"start":{"line":20,"column":0},"end":{"line":24,"column":3}},"10":{"start":{"line":20,"column":26},"end":{"line":24,"column":2}},"11":{"start":{"line":21,"column":2},"end":{"line":21,"column":60}},"12":{"start":{"line":23,"column":2},"end":{"line":23,"column":72}},"13":{"start":{"line":23,"column":37},"end":{"line":23,"column":70}},"14":{"start":{"line":26,"column":0},"end":{"line":37,"column":3}},"15":{"start":{"line":27,"column":2},"end":{"line":27,"column":25}},"16":{"start":{"line":29,"column":2},"end":{"line":29,"column":21}},"17":{"start":{"line":30,"column":2},"end":{"line":34,"column":6}},"18":{"start":{"line":31,"column":14},"end":{"line":34,"column":4}},"19":{"start":{"line":32,"column":18},"end":{"line":34,"column":3}},"20":{"start":{"line":33,"column":17},"end":{"line":33,"column":66}},"21":{"start":{"line":36,"column":2},"end":{"line":36,"column":54}},"22":{"start":{"line":36,"column":25},"end":{"line":36,"column":54}}},"branchMap":{"1":{"line":23,"type":"cond-expr","locations":[{"start":{"line":23,"column":45},"end":{"line":23,"column":58}},{"start":{"line":23,"column":61},"end":{"line":23,"column":70}}]}},"code":["'use strict';","","const co = require('co');","const rimraf = require('rimraf');","const gyp = require('node-pre-gyp');","const versions = ['0.10.0', '0.12.0', '4.0.0', '5.0.0', '6.0.0'];","const matrix = {","  x64: ['win32', 'linux', 'darwin'],","  ia32: ['win32']","};","","class Target {","  constructor(arch, platform, version) {","    this.target = version;","    this.target_platform = platform;","    this.target_arch = arch;","  }","}","","const install = target => new Promise((resolve, reject) => {","  const prog = Object.assign(new gyp.Run(), {opts: target});","","  prog.commands.install([], error => error ? reject(error) : resolve());","});","","module.exports = co.wrap(function * () {","  rimraf.sync('./build');","","  const targets = [];","  Object.keys(matrix).forEach(","    (arch) => matrix[arch].forEach(","    (platform) => versions.forEach(","    (version) => targets.push(new Target(arch, platform, version))","  )));","","  while (targets.length) yield install(targets.pop());","});",""],"l":{"3":1,"4":1,"5":1,"6":1,"7":1,"14":0,"15":0,"16":0,"20":1,"21":0,"23":0,"26":1,"27":0,"29":0,"30":0,"31":0,"32":0,"33":0,"36":0}},"/home/travis/build/npmtest/node-npmtest-v8-debug/node_modules/v8-debug/tools/publish-to-npm.js":{"path":"/home/travis/build/npmtest/node-npmtest-v8-debug/node_modules/v8-debug/tools/publish-to-npm.js","s":{"1":1,"2":1,"3":0},"b":{},"f":{},"fnMap":{},"statementMap":{"1":{"start":{"line":3,"column":0},"end":{"line":3,"column":31}},"2":{"start":{"line":5,"column":0},"end":{"line":6,"column":35}},"3":{"start":{"line":6,"column":15},"end":{"line":6,"column":34}}},"branchMap":{},"code":["'use strict';","","const exec = require('./exec');","","module.exports =","  (version) => exec('npm publish');",""],"l":{"3":1,"5":1,"6":0}},"/home/travis/build/npmtest/node-npmtest-v8-debug/node_modules/v8-debug/tools/push-to-githab.js":{"path":"/home/travis/build/npmtest/node-npmtest-v8-debug/node_modules/v8-debug/tools/push-to-githab.js","s":{"1":1,"2":1,"3":0},"b":{},"f":{},"fnMap":{},"statementMap":{"1":{"start":{"line":3,"column":0},"end":{"line":3,"column":31}},"2":{"start":{"line":5,"column":0},"end":{"line":6,"column":70}},"3":{"start":{"line":6,"column":15},"end":{"line":6,"column":69}}},"branchMap":{},"code":["'use strict';","","const exec = require('./exec');","","module.exports =","  (version) => exec('git push && git push origin \"v' + version + '\"');",""],"l":{"3":1,"5":1,"6":0}},"/home/travis/build/npmtest/node-npmtest-v8-debug/node_modules/v8-debug/tools/update-changelog.js":{"path":"/home/travis/build/npmtest/node-npmtest-v8-debug/node_modules/v8-debug/tools/update-changelog.js","s":{"1":1,"2":1,"3":1,"4":1,"5":1,"6":1,"7":0,"8":0,"9":0,"10":0},"b":{"1":[0,0],"2":[0,0]},"f":{"1":0},"fnMap":{"1":{"name":"changelog","line":8,"loc":{"start":{"line":8,"column":17},"end":{"line":8,"column":46}}}},"statementMap":{"1":{"start":{"line":1,"column":0},"end":{"line":1,"column":23}},"2":{"start":{"line":2,"column":0},"end":{"line":2,"column":27}},"3":{"start":{"line":3,"column":0},"end":{"line":3,"column":27}},"4":{"start":{"line":4,"column":0},"end":{"line":4,"column":29}},"5":{"start":{"line":6,"column":0},"end":{"line":6,"column":35}},"6":{"start":{"line":8,"column":0},"end":{"line":15,"column":2}},"7":{"start":{"line":9,"column":2},"end":{"line":9,"column":40}},"8":{"start":{"line":11,"column":2},"end":{"line":11,"column":58}},"9":{"start":{"line":12,"column":2},"end":{"line":12,"column":27}},"10":{"start":{"line":14,"column":2},"end":{"line":14,"column":48}}},"branchMap":{"1":{"line":9,"type":"binary-expr","locations":[{"start":{"line":9,"column":13},"end":{"line":9,"column":21}},{"start":{"line":9,"column":25},"end":{"line":9,"column":39}}]},"2":{"line":11,"type":"cond-expr","locations":[{"start":{"line":11,"column":38},"end":{"line":11,"column":52}},{"start":{"line":11,"column":55},"end":{"line":11,"column":57}}]}},"code":["var fs = require('fs');","var exists = fs.existsSync;","var read = fs.readFileSync;","var write = fs.writeFileSync;","","var history = require('./history');","","module.exports = function changelog(filename) {","  filename = filename || 'CHANGELOG.md';","","  var _changelog = exists(filename) ? read(filename) : '';","  var _history = history();","","  write(filename, _history + '\\n' + _changelog);","};","","//test -n \"$EDITOR\" && $EDITOR $CHANGELOG",""],"l":{"1":1,"2":1,"3":1,"4":1,"6":1,"8":1,"9":0,"11":0,"12":0,"14":0}},"/home/travis/build/npmtest/node-npmtest-v8-debug/node_modules/v8-debug/tools/update-npm-version.js":{"path":"/home/travis/build/npmtest/node-npmtest-v8-debug/node_modules/v8-debug/tools/update-npm-version.js","s":{"1":1,"2":1,"3":0},"b":{},"f":{},"fnMap":{},"statementMap":{"1":{"start":{"line":3,"column":0},"end":{"line":3,"column":31}},"2":{"start":{"line":5,"column":0},"end":{"line":6,"column":77}},"3":{"start":{"line":6,"column":15},"end":{"line":6,"column":76}}},"branchMap":{},"code":["'use strict';","","const exec = require('./exec');","","module.exports =","  (version) => exec('npm version --git-tag-version=false \"' + version + '\"');",""],"l":{"3":1,"5":1,"6":0}}}